<?xml version="1.0" encoding="UTF-8" standalone="yes"?><!DOCTYPE report PUBLIC "-//JACOCO//DTD Report 1.0//EN" "report.dtd"><report name="prolobjectlink-jpi-jlog"><sessioninfo id="DESKTOP-NK7F6C3-d21d56fb" start="1623414504213" dump="1623414518707"/><package name="io/github/prolobjectlink/prolog/jlog"><class name="io/github/prolobjectlink/prolog/jlog/JLogFloat"><method name="&lt;init&gt;" desc="(Lio/github/prolobjectlink/prolog/PrologProvider;Ljava/lang/Number;)V" line="39"><counter type="INSTRUCTION" missed="0" covered="10"/><counter type="LINE" missed="0" covered="2"/><counter type="COMPLEXITY" missed="0" covered="1"/><counter type="METHOD" missed="0" covered="1"/></method><method name="&lt;init&gt;" desc="(ILio/github/prolobjectlink/prolog/PrologProvider;Lubc/cs/JLog/Terms/jTerm;)V" line="43"><counter type="INSTRUCTION" missed="0" covered="6"/><counter type="LINE" missed="0" covered="2"/><counter type="COMPLEXITY" missed="0" covered="1"/><counter type="METHOD" missed="0" covered="1"/></method><method name="getLongValue" desc="()J" line="47"><counter type="INSTRUCTION" missed="0" covered="4"/><counter type="LINE" missed="0" covered="1"/><counter type="COMPLEXITY" missed="0" covered="1"/><counter type="METHOD" missed="0" covered="1"/></method><method name="getDoubleValue" desc="()D" line="51"><counter type="INSTRUCTION" missed="0" covered="4"/><counter type="LINE" missed="0" covered="1"/><counter type="COMPLEXITY" missed="0" covered="1"/><counter type="METHOD" missed="0" covered="1"/></method><method name="getIntegerValue" desc="()I" line="55"><counter type="INSTRUCTION" missed="0" covered="4"/><counter type="LINE" missed="0" covered="1"/><counter type="COMPLEXITY" missed="0" covered="1"/><counter type="METHOD" missed="0" covered="1"/></method><method name="getFloatValue" desc="()F" line="59"><counter type="INSTRUCTION" missed="0" covered="5"/><counter type="LINE" missed="0" covered="1"/><counter type="COMPLEXITY" missed="0" covered="1"/><counter type="METHOD" missed="0" covered="1"/></method><method name="getArguments" desc="()[Lio/github/prolobjectlink/prolog/PrologTerm;" line="63"><counter type="INSTRUCTION" missed="0" covered="3"/><counter type="LINE" missed="0" covered="1"/><counter type="COMPLEXITY" missed="0" covered="1"/><counter type="METHOD" missed="0" covered="1"/></method><counter type="INSTRUCTION" missed="0" covered="36"/><counter type="LINE" missed="0" covered="9"/><counter type="COMPLEXITY" missed="0" covered="7"/><counter type="METHOD" missed="0" covered="7"/><counter type="CLASS" missed="0" covered="1"/></class><class name="io/github/prolobjectlink/prolog/jlog/JLogAtom"><method name="&lt;init&gt;" desc="(Lio/github/prolobjectlink/prolog/PrologProvider;Ljava/lang/String;)V" line="39"><counter type="INSTRUCTION" missed="0" covered="9"/><counter type="LINE" missed="0" covered="2"/><counter type="COMPLEXITY" missed="0" covered="1"/><counter type="METHOD" missed="0" covered="1"/></method><method name="getStringValue" desc="()Ljava/lang/String;" line="43"><counter type="INSTRUCTION" missed="0" covered="3"/><counter type="LINE" missed="0" covered="1"/><counter type="COMPLEXITY" missed="0" covered="1"/><counter type="METHOD" missed="0" covered="1"/></method><method name="setStringValue" desc="(Ljava/lang/String;)V" line="47"><counter type="INSTRUCTION" missed="0" covered="7"/><counter type="LINE" missed="0" covered="2"/><counter type="COMPLEXITY" missed="0" covered="1"/><counter type="METHOD" missed="0" covered="1"/></method><method name="getArguments" desc="()[Lio/github/prolobjectlink/prolog/PrologTerm;" line="51"><counter type="INSTRUCTION" missed="0" covered="3"/><counter type="LINE" missed="0" covered="1"/><counter type="COMPLEXITY" missed="0" covered="1"/><counter type="METHOD" missed="0" covered="1"/></method><method name="getArity" desc="()I" line="55"><counter type="INSTRUCTION" missed="0" covered="2"/><counter type="LINE" missed="0" covered="1"/><counter type="COMPLEXITY" missed="0" covered="1"/><counter type="METHOD" missed="0" covered="1"/></method><method name="getFunctor" desc="()Ljava/lang/String;" line="59"><counter type="INSTRUCTION" missed="0" covered="12"/><counter type="LINE" missed="0" covered="1"/><counter type="COMPLEXITY" missed="0" covered="1"/><counter type="METHOD" missed="0" covered="1"/></method><counter type="INSTRUCTION" missed="0" covered="36"/><counter type="LINE" missed="0" covered="8"/><counter type="COMPLEXITY" missed="0" covered="6"/><counter type="METHOD" missed="0" covered="6"/><counter type="CLASS" missed="0" covered="1"/></class><class name="io/github/prolobjectlink/prolog/jlog/JLogEmpty"><method name="&lt;init&gt;" desc="(Lio/github/prolobjectlink/prolog/PrologProvider;)V" line="37"><counter type="INSTRUCTION" missed="0" covered="4"/><counter type="LINE" missed="0" covered="2"/><counter type="COMPLEXITY" missed="0" covered="1"/><counter type="METHOD" missed="0" covered="1"/></method><method name="getArguments" desc="()[Lio/github/prolobjectlink/prolog/PrologTerm;" line="42"><counter type="INSTRUCTION" missed="0" covered="3"/><counter type="LINE" missed="0" covered="1"/><counter type="COMPLEXITY" missed="0" covered="1"/><counter type="METHOD" missed="0" covered="1"/></method><method name="getArity" desc="()I" line="47"><counter type="INSTRUCTION" missed="0" covered="2"/><counter type="LINE" missed="0" covered="1"/><counter type="COMPLEXITY" missed="0" covered="1"/><counter type="METHOD" missed="0" covered="1"/></method><method name="getFunctor" desc="()Ljava/lang/String;" line="52"><counter type="INSTRUCTION" missed="0" covered="5"/><counter type="LINE" missed="0" covered="1"/><counter type="COMPLEXITY" missed="0" covered="1"/><counter type="METHOD" missed="0" covered="1"/></method><counter type="INSTRUCTION" missed="0" covered="14"/><counter type="LINE" missed="0" covered="5"/><counter type="COMPLEXITY" missed="0" covered="4"/><counter type="METHOD" missed="0" covered="4"/><counter type="CLASS" missed="0" covered="1"/></class><class name="io/github/prolobjectlink/prolog/jlog/JLog"><method name="&lt;init&gt;" desc="()V" line="73"><counter type="INSTRUCTION" missed="0" covered="6"/><counter type="LINE" missed="0" covered="2"/><counter type="COMPLEXITY" missed="0" covered="1"/><counter type="METHOD" missed="0" covered="1"/></method><method name="&lt;init&gt;" desc="(Lio/github/prolobjectlink/prolog/PrologConverter;)V" line="62"><counter type="INSTRUCTION" missed="8" covered="41"/><counter type="LINE" missed="2" covered="9"/><counter type="COMPLEXITY" missed="0" covered="1"/><counter type="METHOD" missed="0" covered="1"/></method><method name="isCompliant" desc="()Z" line="87"><counter type="INSTRUCTION" missed="2" covered="0"/><counter type="LINE" missed="1" covered="0"/><counter type="COMPLEXITY" missed="1" covered="0"/><counter type="METHOD" missed="1" covered="0"/></method><method name="prologNil" desc="()Lio/github/prolobjectlink/prolog/PrologTerm;" line="91"><counter type="INSTRUCTION" missed="0" covered="5"/><counter type="LINE" missed="0" covered="1"/><counter type="COMPLEXITY" missed="0" covered="1"/><counter type="METHOD" missed="0" covered="1"/></method><method name="prologCut" desc="()Lio/github/prolobjectlink/prolog/PrologTerm;" line="95"><counter type="INSTRUCTION" missed="0" covered="5"/><counter type="LINE" missed="0" covered="1"/><counter type="COMPLEXITY" missed="0" covered="1"/><counter type="METHOD" missed="0" covered="1"/></method><method name="prologFail" desc="()Lio/github/prolobjectlink/prolog/PrologTerm;" line="99"><counter type="INSTRUCTION" missed="0" covered="5"/><counter type="LINE" missed="0" covered="1"/><counter type="COMPLEXITY" missed="0" covered="1"/><counter type="METHOD" missed="0" covered="1"/></method><method name="prologTrue" desc="()Lio/github/prolobjectlink/prolog/PrologTerm;" line="103"><counter type="INSTRUCTION" missed="0" covered="5"/><counter type="LINE" missed="0" covered="1"/><counter type="COMPLEXITY" missed="0" covered="1"/><counter type="METHOD" missed="0" covered="1"/></method><method name="prologFalse" desc="()Lio/github/prolobjectlink/prolog/PrologTerm;" line="107"><counter type="INSTRUCTION" missed="0" covered="5"/><counter type="LINE" missed="0" covered="1"/><counter type="COMPLEXITY" missed="0" covered="1"/><counter type="METHOD" missed="0" covered="1"/></method><method name="prologEmpty" desc="()Lio/github/prolobjectlink/prolog/PrologTerm;" line="111"><counter type="INSTRUCTION" missed="0" covered="5"/><counter type="LINE" missed="0" covered="1"/><counter type="COMPLEXITY" missed="0" covered="1"/><counter type="METHOD" missed="0" covered="1"/></method><method name="prologInclude" desc="(Ljava/lang/String;)Lio/github/prolobjectlink/prolog/PrologTerm;" line="115"><counter type="INSTRUCTION" missed="12" covered="0"/><counter type="LINE" missed="1" covered="0"/><counter type="COMPLEXITY" missed="1" covered="0"/><counter type="METHOD" missed="1" covered="0"/></method><method name="parseTerm" desc="(Ljava/lang/String;)Lio/github/prolobjectlink/prolog/PrologTerm;" line="119"><counter type="INSTRUCTION" missed="2" covered="32"/><counter type="BRANCH" missed="1" covered="1"/><counter type="LINE" missed="0" covered="2"/><counter type="COMPLEXITY" missed="1" covered="1"/><counter type="METHOD" missed="0" covered="1"/></method><method name="parseTerms" desc="(Ljava/lang/String;)[Lio/github/prolobjectlink/prolog/PrologTerm;" line="124"><counter type="INSTRUCTION" missed="39" covered="69"/><counter type="BRANCH" missed="4" covered="6"/><counter type="LINE" missed="7" covered="11"/><counter type="COMPLEXITY" missed="4" covered="2"/><counter type="METHOD" missed="0" covered="1"/></method><method name="newEngine" desc="()Lio/github/prolobjectlink/prolog/PrologEngine;" line="148"><counter type="INSTRUCTION" missed="0" covered="5"/><counter type="LINE" missed="0" covered="1"/><counter type="COMPLEXITY" missed="0" covered="1"/><counter type="METHOD" missed="0" covered="1"/></method><method name="newEngine" desc="(Ljava/lang/String;)Lio/github/prolobjectlink/prolog/PrologEngine;" line="152"><counter type="INSTRUCTION" missed="8" covered="0"/><counter type="LINE" missed="3" covered="0"/><counter type="COMPLEXITY" missed="1" covered="0"/><counter type="METHOD" missed="1" covered="0"/></method><method name="newAtom" desc="(Ljava/lang/String;)Lio/github/prolobjectlink/prolog/PrologAtom;" line="158"><counter type="INSTRUCTION" missed="0" covered="25"/><counter type="BRANCH" missed="0" covered="2"/><counter type="LINE" missed="0" covered="3"/><counter type="COMPLEXITY" missed="0" covered="2"/><counter type="METHOD" missed="0" covered="1"/></method><method name="newFloat" desc="(Ljava/lang/Number;)Lio/github/prolobjectlink/prolog/PrologFloat;" line="165"><counter type="INSTRUCTION" missed="0" covered="6"/><counter type="LINE" missed="0" covered="1"/><counter type="COMPLEXITY" missed="0" covered="1"/><counter type="METHOD" missed="0" covered="1"/></method><method name="newDouble" desc="(Ljava/lang/Number;)Lio/github/prolobjectlink/prolog/PrologDouble;" line="169"><counter type="INSTRUCTION" missed="0" covered="6"/><counter type="LINE" missed="0" covered="1"/><counter type="COMPLEXITY" missed="0" covered="1"/><counter type="METHOD" missed="0" covered="1"/></method><method name="newInteger" desc="(Ljava/lang/Number;)Lio/github/prolobjectlink/prolog/PrologInteger;" line="173"><counter type="INSTRUCTION" missed="0" covered="6"/><counter type="LINE" missed="0" covered="1"/><counter type="COMPLEXITY" missed="0" covered="1"/><counter type="METHOD" missed="0" covered="1"/></method><method name="newLong" desc="(Ljava/lang/Number;)Lio/github/prolobjectlink/prolog/PrologLong;" line="177"><counter type="INSTRUCTION" missed="0" covered="6"/><counter type="LINE" missed="0" covered="1"/><counter type="COMPLEXITY" missed="0" covered="1"/><counter type="METHOD" missed="0" covered="1"/></method><method name="newVariable" desc="(I)Lio/github/prolobjectlink/prolog/PrologVariable;" line="181"><counter type="INSTRUCTION" missed="0" covered="5"/><counter type="LINE" missed="0" covered="1"/><counter type="COMPLEXITY" missed="0" covered="1"/><counter type="METHOD" missed="0" covered="1"/></method><method name="newVariable" desc="(Ljava/lang/String;I)Lio/github/prolobjectlink/prolog/PrologVariable;" line="185"><counter type="INSTRUCTION" missed="0" covered="6"/><counter type="LINE" missed="0" covered="1"/><counter type="COMPLEXITY" missed="0" covered="1"/><counter type="METHOD" missed="0" covered="1"/></method><method name="newList" desc="()Lio/github/prolobjectlink/prolog/PrologList;" line="189"><counter type="INSTRUCTION" missed="5" covered="0"/><counter type="LINE" missed="1" covered="0"/><counter type="COMPLEXITY" missed="1" covered="0"/><counter type="METHOD" missed="1" covered="0"/></method><method name="newList" desc="([Lio/github/prolobjectlink/prolog/PrologTerm;)Lio/github/prolobjectlink/prolog/PrologList;" line="193"><counter type="INSTRUCTION" missed="5" covered="11"/><counter type="BRANCH" missed="2" covered="2"/><counter type="LINE" missed="1" covered="2"/><counter type="COMPLEXITY" missed="2" covered="1"/><counter type="METHOD" missed="0" covered="1"/></method><method name="newList" desc="(Lio/github/prolobjectlink/prolog/PrologTerm;Lio/github/prolobjectlink/prolog/PrologTerm;)Lio/github/prolobjectlink/prolog/PrologList;" line="200"><counter type="INSTRUCTION" missed="7" covered="0"/><counter type="LINE" missed="1" covered="0"/><counter type="COMPLEXITY" missed="1" covered="0"/><counter type="METHOD" missed="1" covered="0"/></method><method name="newList" desc="([Lio/github/prolobjectlink/prolog/PrologTerm;Lio/github/prolobjectlink/prolog/PrologTerm;)Lio/github/prolobjectlink/prolog/PrologList;" line="204"><counter type="INSTRUCTION" missed="7" covered="0"/><counter type="LINE" missed="1" covered="0"/><counter type="COMPLEXITY" missed="1" covered="0"/><counter type="METHOD" missed="1" covered="0"/></method><method name="newStructure" desc="(Ljava/lang/String;[Lio/github/prolobjectlink/prolog/PrologTerm;)Lio/github/prolobjectlink/prolog/PrologStructure;" line="208"><counter type="INSTRUCTION" missed="0" covered="7"/><counter type="LINE" missed="0" covered="1"/><counter type="COMPLEXITY" missed="0" covered="1"/><counter type="METHOD" missed="0" covered="1"/></method><method name="newStructure" desc="(Lio/github/prolobjectlink/prolog/PrologTerm;Ljava/lang/String;Lio/github/prolobjectlink/prolog/PrologTerm;)Lio/github/prolobjectlink/prolog/PrologTerm;" line="212"><counter type="INSTRUCTION" missed="0" covered="8"/><counter type="LINE" missed="0" covered="1"/><counter type="COMPLEXITY" missed="0" covered="1"/><counter type="METHOD" missed="0" covered="1"/></method><method name="newReference" desc="(Ljava/lang/Object;)Lio/github/prolobjectlink/prolog/PrologTerm;" line="216"><counter type="INSTRUCTION" missed="0" covered="6"/><counter type="LINE" missed="0" covered="1"/><counter type="COMPLEXITY" missed="0" covered="1"/><counter type="METHOD" missed="0" covered="1"/></method><method name="falseReference" desc="()Lio/github/prolobjectlink/prolog/PrologTerm;" line="220"><counter type="INSTRUCTION" missed="0" covered="5"/><counter type="LINE" missed="0" covered="1"/><counter type="COMPLEXITY" missed="0" covered="1"/><counter type="METHOD" missed="0" covered="1"/></method><method name="trueReference" desc="()Lio/github/prolobjectlink/prolog/PrologTerm;" line="224"><counter type="INSTRUCTION" missed="0" covered="5"/><counter type="LINE" missed="0" covered="1"/><counter type="COMPLEXITY" missed="0" covered="1"/><counter type="METHOD" missed="0" covered="1"/></method><method name="nullReference" desc="()Lio/github/prolobjectlink/prolog/PrologTerm;" line="228"><counter type="INSTRUCTION" missed="0" covered="4"/><counter type="LINE" missed="0" covered="1"/><counter type="COMPLEXITY" missed="0" covered="1"/><counter type="METHOD" missed="0" covered="1"/></method><method name="voidReference" desc="()Lio/github/prolobjectlink/prolog/PrologTerm;" line="232"><counter type="INSTRUCTION" missed="0" covered="4"/><counter type="LINE" missed="0" covered="1"/><counter type="COMPLEXITY" missed="0" covered="1"/><counter type="METHOD" missed="0" covered="1"/></method><method name="getJavaConverter" desc="()Lio/github/prolobjectlink/prolog/PrologJavaConverter;" line="236"><counter type="INSTRUCTION" missed="0" covered="5"/><counter type="LINE" missed="0" covered="1"/><counter type="COMPLEXITY" missed="0" covered="1"/><counter type="METHOD" missed="0" covered="1"/></method><method name="getLogger" desc="()Lio/github/prolobjectlink/prolog/PrologLogger;" line="240"><counter type="INSTRUCTION" missed="2" covered="0"/><counter type="LINE" missed="1" covered="0"/><counter type="COMPLEXITY" missed="1" covered="0"/><counter type="METHOD" missed="1" covered="0"/></method><method name="toString" desc="()Ljava/lang/String;" line="245"><counter type="INSTRUCTION" missed="12" covered="0"/><counter type="LINE" missed="1" covered="0"/><counter type="COMPLEXITY" missed="1" covered="0"/><counter type="METHOD" missed="1" covered="0"/></method><method name="hashCode" desc="()I" line="250"><counter type="INSTRUCTION" missed="15" covered="0"/><counter type="LINE" missed="4" covered="0"/><counter type="COMPLEXITY" missed="1" covered="0"/><counter type="METHOD" missed="1" covered="0"/></method><method name="equals" desc="(Ljava/lang/Object;)Z" line="258"><counter type="INSTRUCTION" missed="22" covered="5"/><counter type="BRANCH" missed="5" covered="1"/><counter type="LINE" missed="6" covered="2"/><counter type="COMPLEXITY" missed="3" covered="1"/><counter type="METHOD" missed="0" covered="1"/></method><method name="&lt;clinit&gt;" desc="()V" line="69"><counter type="INSTRUCTION" missed="0" covered="9"/><counter type="LINE" missed="0" covered="2"/><counter type="COMPLEXITY" missed="0" covered="1"/><counter type="METHOD" missed="0" covered="1"/></method><counter type="INSTRUCTION" missed="146" covered="312"/><counter type="BRANCH" missed="12" covered="12"/><counter type="LINE" missed="30" covered="54"/><counter type="COMPLEXITY" missed="19" covered="31"/><counter type="METHOD" missed="9" covered="29"/><counter type="CLASS" missed="0" covered="1"/></class><class name="io/github/prolobjectlink/prolog/jlog/JLogStructure"><method name="&lt;init&gt;" desc="(ILio/github/prolobjectlink/prolog/PrologProvider;Lubc/cs/JLog/Terms/jTerm;)V" line="41"><counter type="INSTRUCTION" missed="6" covered="0"/><counter type="LINE" missed="2" covered="0"/><counter type="COMPLEXITY" missed="1" covered="0"/><counter type="METHOD" missed="1" covered="0"/></method><method name="&lt;init&gt;" desc="(Lio/github/prolobjectlink/prolog/PrologProvider;Ljava/lang/String;[Lio/github/prolobjectlink/prolog/PrologTerm;)V" line="45"><counter type="INSTRUCTION" missed="0" covered="14"/><counter type="LINE" missed="0" covered="3"/><counter type="COMPLEXITY" missed="0" covered="1"/><counter type="METHOD" missed="0" covered="1"/></method><method name="&lt;init&gt;" desc="(Lio/github/prolobjectlink/prolog/PrologProvider;Ljava/lang/String;Lubc/cs/JLog/Terms/jCompoundTerm;)V" line="50"><counter type="INSTRUCTION" missed="0" covered="12"/><counter type="LINE" missed="0" covered="3"/><counter type="COMPLEXITY" missed="0" covered="1"/><counter type="METHOD" missed="0" covered="1"/></method><method name="&lt;init&gt;" desc="(Lio/github/prolobjectlink/prolog/PrologProvider;Lio/github/prolobjectlink/prolog/PrologTerm;Ljava/lang/String;Lio/github/prolobjectlink/prolog/PrologTerm;)V" line="55"><counter type="INSTRUCTION" missed="0" covered="25"/><counter type="LINE" missed="0" covered="4"/><counter type="COMPLEXITY" missed="0" covered="1"/><counter type="METHOD" missed="0" covered="1"/></method><method name="&lt;init&gt;" desc="(Lio/github/prolobjectlink/prolog/PrologProvider;Lubc/cs/JLog/Terms/jTerm;Ljava/lang/String;Lubc/cs/JLog/Terms/jTerm;)V" line="61"><counter type="INSTRUCTION" missed="0" covered="23"/><counter type="LINE" missed="0" covered="6"/><counter type="COMPLEXITY" missed="0" covered="1"/><counter type="METHOD" missed="0" covered="1"/></method><method name="getArgument" desc="(I)Lio/github/prolobjectlink/prolog/PrologTerm;" line="69"><counter type="INSTRUCTION" missed="0" covered="19"/><counter type="LINE" missed="0" covered="4"/><counter type="COMPLEXITY" missed="0" covered="1"/><counter type="METHOD" missed="0" covered="1"/></method><method name="getArguments" desc="()[Lio/github/prolobjectlink/prolog/PrologTerm;" line="76"><counter type="INSTRUCTION" missed="0" covered="31"/><counter type="BRANCH" missed="0" covered="2"/><counter type="LINE" missed="0" covered="7"/><counter type="COMPLEXITY" missed="0" covered="2"/><counter type="METHOD" missed="0" covered="1"/></method><method name="getArity" desc="()I" line="87"><counter type="INSTRUCTION" missed="0" covered="7"/><counter type="LINE" missed="0" covered="2"/><counter type="COMPLEXITY" missed="0" covered="1"/><counter type="METHOD" missed="0" covered="1"/></method><method name="getFunctor" desc="()Ljava/lang/String;" line="92"><counter type="INSTRUCTION" missed="0" covered="7"/><counter type="LINE" missed="0" covered="2"/><counter type="COMPLEXITY" missed="0" covered="1"/><counter type="METHOD" missed="0" covered="1"/></method><method name="getRight" desc="()Lio/github/prolobjectlink/prolog/PrologTerm;" line="97"><counter type="INSTRUCTION" missed="4" covered="0"/><counter type="LINE" missed="1" covered="0"/><counter type="COMPLEXITY" missed="1" covered="0"/><counter type="METHOD" missed="1" covered="0"/></method><method name="getLeft" desc="()Lio/github/prolobjectlink/prolog/PrologTerm;" line="101"><counter type="INSTRUCTION" missed="4" covered="0"/><counter type="LINE" missed="1" covered="0"/><counter type="COMPLEXITY" missed="1" covered="0"/><counter type="METHOD" missed="1" covered="0"/></method><method name="getOperator" desc="()Ljava/lang/String;" line="105"><counter type="INSTRUCTION" missed="3" covered="0"/><counter type="LINE" missed="1" covered="0"/><counter type="COMPLEXITY" missed="1" covered="0"/><counter type="METHOD" missed="1" covered="0"/></method><counter type="INSTRUCTION" missed="17" covered="138"/><counter type="BRANCH" missed="0" covered="2"/><counter type="LINE" missed="5" covered="31"/><counter type="COMPLEXITY" missed="4" covered="9"/><counter type="METHOD" missed="4" covered="8"/><counter type="CLASS" missed="0" covered="1"/></class><class name="io/github/prolobjectlink/prolog/jlog/jDouble"><method name="&lt;init&gt;" desc="(D)V" line="42"><counter type="INSTRUCTION" missed="0" covered="9"/><counter type="LINE" missed="0" covered="4"/><counter type="COMPLEXITY" missed="0" covered="1"/><counter type="METHOD" missed="0" covered="1"/></method><method name="getName" desc="()Ljava/lang/String;" line="49"><counter type="INSTRUCTION" missed="4" covered="0"/><counter type="LINE" missed="1" covered="0"/><counter type="COMPLEXITY" missed="1" covered="0"/><counter type="METHOD" missed="1" covered="0"/></method><method name="getRealValue" desc="()D" line="53"><counter type="INSTRUCTION" missed="0" covered="3"/><counter type="LINE" missed="0" covered="1"/><counter type="COMPLEXITY" missed="0" covered="1"/><counter type="METHOD" missed="0" covered="1"/></method><method name="compare" desc="(Lubc/cs/JLog/Terms/jTerm;ZZ)I" line="57"><counter type="INSTRUCTION" missed="51" covered="0"/><counter type="BRANCH" missed="14" covered="0"/><counter type="LINE" missed="15" covered="0"/><counter type="COMPLEXITY" missed="8" covered="0"/><counter type="METHOD" missed="1" covered="0"/></method><method name="equivalence" desc="(Lubc/cs/JLog/Terms/jTerm;Lubc/cs/JLog/Foundation/jEquivalenceMapping;)Z" line="83"><counter type="INSTRUCTION" missed="4" covered="22"/><counter type="BRANCH" missed="2" covered="4"/><counter type="LINE" missed="2" covered="4"/><counter type="COMPLEXITY" missed="2" covered="2"/><counter type="METHOD" missed="0" covered="1"/></method><method name="unify" desc="(Lubc/cs/JLog/Terms/jTerm;Lubc/cs/JLog/Foundation/jUnifiedVector;)Z" line="100"><counter type="INSTRUCTION" missed="32" covered="0"/><counter type="BRANCH" missed="8" covered="0"/><counter type="LINE" missed="7" covered="0"/><counter type="COMPLEXITY" missed="5" covered="0"/><counter type="METHOD" missed="1" covered="0"/></method><method name="registerVariables" desc="(Lubc/cs/JLog/Foundation/jVariableVector;)V" line="118"><counter type="INSTRUCTION" missed="1" covered="0"/><counter type="LINE" missed="1" covered="0"/><counter type="COMPLEXITY" missed="1" covered="0"/><counter type="METHOD" missed="1" covered="0"/></method><method name="enumerateVariables" desc="(Lubc/cs/JLog/Foundation/jVariableVector;Z)V" line="122"><counter type="INSTRUCTION" missed="1" covered="0"/><counter type="LINE" missed="1" covered="0"/><counter type="COMPLEXITY" missed="1" covered="0"/><counter type="METHOD" missed="1" covered="0"/></method><method name="duplicate" desc="([Lubc/cs/JLog/Terms/jVariable;)Lubc/cs/JLog/Terms/jTerm;" line="125"><counter type="INSTRUCTION" missed="2" covered="0"/><counter type="LINE" missed="1" covered="0"/><counter type="COMPLEXITY" missed="1" covered="0"/><counter type="METHOD" missed="1" covered="0"/></method><method name="copy" desc="(Lubc/cs/JLog/Foundation/jVariableRegistry;)Lubc/cs/JLog/Terms/jTerm;" line="129"><counter type="INSTRUCTION" missed="2" covered="0"/><counter type="LINE" missed="1" covered="0"/><counter type="COMPLEXITY" missed="1" covered="0"/><counter type="METHOD" missed="1" covered="0"/></method><method name="toString" desc="(Z)Ljava/lang/String;" line="133"><counter type="INSTRUCTION" missed="0" covered="4"/><counter type="LINE" missed="0" covered="1"/><counter type="COMPLEXITY" missed="0" covered="1"/><counter type="METHOD" missed="0" covered="1"/></method><counter type="INSTRUCTION" missed="97" covered="38"/><counter type="BRANCH" missed="24" covered="4"/><counter type="LINE" missed="29" covered="10"/><counter type="COMPLEXITY" missed="20" covered="5"/><counter type="METHOD" missed="7" covered="4"/><counter type="CLASS" missed="0" covered="1"/></class><class name="io/github/prolobjectlink/prolog/jlog/JLogQuery"><method name="&lt;init&gt;" desc="(Lio/github/prolobjectlink/prolog/AbstractEngine;Ljava/lang/String;)V" line="53"><counter type="INSTRUCTION" missed="30" covered="77"/><counter type="BRANCH" missed="1" covered="1"/><counter type="LINE" missed="7" covered="16"/><counter type="COMPLEXITY" missed="1" covered="1"/><counter type="METHOD" missed="0" covered="1"/></method><method name="&lt;init&gt;" desc="(Lio/github/prolobjectlink/prolog/AbstractEngine;Lio/github/prolobjectlink/prolog/PrologTerm;)V" line="53"><counter type="INSTRUCTION" missed="28" covered="85"/><counter type="LINE" missed="7" covered="16"/><counter type="COMPLEXITY" missed="0" covered="1"/><counter type="METHOD" missed="0" covered="1"/></method><method name="&lt;init&gt;" desc="(Lio/github/prolobjectlink/prolog/AbstractEngine;[Lio/github/prolobjectlink/prolog/PrologTerm;)V" line="53"><counter type="INSTRUCTION" missed="113" covered="0"/><counter type="BRANCH" missed="4" covered="0"/><counter type="LINE" missed="25" covered="0"/><counter type="COMPLEXITY" missed="3" covered="0"/><counter type="METHOD" missed="1" covered="0"/></method><method name="&lt;init&gt;" desc="(Lio/github/prolobjectlink/prolog/AbstractEngine;Lio/github/prolobjectlink/prolog/PrologTerm;[Lio/github/prolobjectlink/prolog/PrologTerm;)V" line="53"><counter type="INSTRUCTION" missed="28" covered="138"/><counter type="BRANCH" missed="2" covered="2"/><counter type="LINE" missed="7" covered="23"/><counter type="COMPLEXITY" missed="2" covered="1"/><counter type="METHOD" missed="0" covered="1"/></method><method name="hasSolution" desc="()Z" line="203"><counter type="INSTRUCTION" missed="1" covered="6"/><counter type="BRANCH" missed="1" covered="1"/><counter type="LINE" missed="0" covered="1"/><counter type="COMPLEXITY" missed="1" covered="1"/><counter type="METHOD" missed="0" covered="1"/></method><method name="hasMoreSolutions" desc="()Z" line="207"><counter type="INSTRUCTION" missed="0" covered="7"/><counter type="BRANCH" missed="0" covered="2"/><counter type="LINE" missed="0" covered="1"/><counter type="COMPLEXITY" missed="0" covered="2"/><counter type="METHOD" missed="0" covered="1"/></method><method name="oneSolution" desc="()[Lio/github/prolobjectlink/prolog/PrologTerm;" line="211"><counter type="INSTRUCTION" missed="3" covered="46"/><counter type="BRANCH" missed="2" covered="6"/><counter type="LINE" missed="1" covered="10"/><counter type="COMPLEXITY" missed="2" covered="3"/><counter type="METHOD" missed="0" covered="1"/></method><method name="oneVariablesSolution" desc="()Ljava/util/Map;" line="227"><counter type="INSTRUCTION" missed="5" covered="41"/><counter type="BRANCH" missed="2" covered="4"/><counter type="LINE" missed="1" covered="9"/><counter type="COMPLEXITY" missed="2" covered="2"/><counter type="METHOD" missed="0" covered="1"/></method><method name="nextSolution" desc="()[Lio/github/prolobjectlink/prolog/PrologTerm;" line="242"><counter type="INSTRUCTION" missed="0" covered="10"/><counter type="LINE" missed="0" covered="3"/><counter type="COMPLEXITY" missed="0" covered="1"/><counter type="METHOD" missed="0" covered="1"/></method><method name="nextVariablesSolution" desc="()Ljava/util/Map;" line="248"><counter type="INSTRUCTION" missed="0" covered="10"/><counter type="LINE" missed="0" covered="3"/><counter type="COMPLEXITY" missed="0" covered="1"/><counter type="METHOD" missed="0" covered="1"/></method><method name="nSolutions" desc="(I)[[Lio/github/prolobjectlink/prolog/PrologTerm;" line="254"><counter type="INSTRUCTION" missed="4" covered="65"/><counter type="BRANCH" missed="2" covered="8"/><counter type="LINE" missed="1" covered="16"/><counter type="COMPLEXITY" missed="2" covered="4"/><counter type="METHOD" missed="0" covered="1"/></method><method name="nVariablesSolutions" desc="(I)[Ljava/util/Map;" line="278"><counter type="INSTRUCTION" missed="3" covered="29"/><counter type="BRANCH" missed="2" covered="4"/><counter type="LINE" missed="1" covered="9"/><counter type="COMPLEXITY" missed="2" covered="2"/><counter type="METHOD" missed="0" covered="1"/></method><method name="allSolutions" desc="()[[Lio/github/prolobjectlink/prolog/PrologTerm;" line="293"><counter type="INSTRUCTION" missed="0" covered="60"/><counter type="BRANCH" missed="0" covered="6"/><counter type="LINE" missed="0" covered="15"/><counter type="COMPLEXITY" missed="0" covered="4"/><counter type="METHOD" missed="0" covered="1"/></method><method name="allVariablesSolutions" desc="()[Ljava/util/Map;" line="314"><counter type="INSTRUCTION" missed="0" covered="42"/><counter type="BRANCH" missed="0" covered="4"/><counter type="LINE" missed="0" covered="11"/><counter type="COMPLEXITY" missed="0" covered="3"/><counter type="METHOD" missed="0" covered="1"/></method><method name="all" desc="()Ljava/util/List;" line="330"><counter type="INSTRUCTION" missed="0" covered="22"/><counter type="BRANCH" missed="0" covered="2"/><counter type="LINE" missed="0" covered="7"/><counter type="COMPLEXITY" missed="0" covered="2"/><counter type="METHOD" missed="0" covered="1"/></method><method name="hashCode" desc="()I" line="341"><counter type="INSTRUCTION" missed="20" covered="0"/><counter type="BRANCH" missed="2" covered="0"/><counter type="LINE" missed="4" covered="0"/><counter type="COMPLEXITY" missed="2" covered="0"/><counter type="METHOD" missed="1" covered="0"/></method><method name="equals" desc="(Ljava/lang/Object;)Z" line="349"><counter type="INSTRUCTION" missed="13" covered="26"/><counter type="BRANCH" missed="7" covered="5"/><counter type="LINE" missed="6" covered="7"/><counter type="COMPLEXITY" missed="6" covered="1"/><counter type="METHOD" missed="0" covered="1"/></method><method name="dispose" desc="()V" line="366"><counter type="INSTRUCTION" missed="0" covered="15"/><counter type="BRANCH" missed="0" covered="2"/><counter type="LINE" missed="0" covered="5"/><counter type="COMPLEXITY" missed="0" covered="2"/><counter type="METHOD" missed="0" covered="1"/></method><counter type="INSTRUCTION" missed="248" covered="679"/><counter type="BRANCH" missed="25" covered="47"/><counter type="LINE" missed="59" covered="150"/><counter type="COMPLEXITY" missed="23" covered="31"/><counter type="METHOD" missed="2" covered="16"/><counter type="CLASS" missed="0" covered="1"/></class><class name="io/github/prolobjectlink/prolog/jlog/JLogIndicator"><method name="&lt;init&gt;" desc="(Ljava/lang/String;I)V" line="35"><counter type="INSTRUCTION" missed="0" covered="5"/><counter type="LINE" missed="0" covered="2"/><counter type="COMPLEXITY" missed="0" covered="1"/><counter type="METHOD" missed="0" covered="1"/></method><counter type="INSTRUCTION" missed="0" covered="5"/><counter type="LINE" missed="0" covered="2"/><counter type="COMPLEXITY" missed="0" covered="1"/><counter type="METHOD" missed="0" covered="1"/><counter type="CLASS" missed="0" covered="1"/></class><class name="io/github/prolobjectlink/prolog/jlog/JLogInteger"><method name="&lt;init&gt;" desc="(Lio/github/prolobjectlink/prolog/PrologProvider;Ljava/lang/Number;)V" line="40"><counter type="INSTRUCTION" missed="0" covered="10"/><counter type="LINE" missed="0" covered="2"/><counter type="COMPLEXITY" missed="0" covered="1"/><counter type="METHOD" missed="0" covered="1"/></method><method name="&lt;init&gt;" desc="(ILio/github/prolobjectlink/prolog/PrologProvider;Lubc/cs/JLog/Terms/jTerm;)V" line="44"><counter type="INSTRUCTION" missed="0" covered="6"/><counter type="LINE" missed="0" covered="2"/><counter type="COMPLEXITY" missed="0" covered="1"/><counter type="METHOD" missed="0" covered="1"/></method><method name="getLongValue" desc="()J" line="48"><counter type="INSTRUCTION" missed="0" covered="4"/><counter type="LINE" missed="0" covered="1"/><counter type="COMPLEXITY" missed="0" covered="1"/><counter type="METHOD" missed="0" covered="1"/></method><method name="getDoubleValue" desc="()D" line="52"><counter type="INSTRUCTION" missed="0" covered="4"/><counter type="LINE" missed="0" covered="1"/><counter type="COMPLEXITY" missed="0" covered="1"/><counter type="METHOD" missed="0" covered="1"/></method><method name="getIntegerValue" desc="()I" line="56"><counter type="INSTRUCTION" missed="0" covered="5"/><counter type="LINE" missed="0" covered="1"/><counter type="COMPLEXITY" missed="0" covered="1"/><counter type="METHOD" missed="0" covered="1"/></method><method name="getFloatValue" desc="()F" line="60"><counter type="INSTRUCTION" missed="0" covered="4"/><counter type="LINE" missed="0" covered="1"/><counter type="COMPLEXITY" missed="0" covered="1"/><counter type="METHOD" missed="0" covered="1"/></method><method name="getArguments" desc="()[Lio/github/prolobjectlink/prolog/PrologTerm;" line="64"><counter type="INSTRUCTION" missed="0" covered="3"/><counter type="LINE" missed="0" covered="1"/><counter type="COMPLEXITY" missed="0" covered="1"/><counter type="METHOD" missed="0" covered="1"/></method><counter type="INSTRUCTION" missed="0" covered="36"/><counter type="LINE" missed="0" covered="9"/><counter type="COMPLEXITY" missed="0" covered="7"/><counter type="METHOD" missed="0" covered="7"/><counter type="CLASS" missed="0" covered="1"/></class><class name="io/github/prolobjectlink/prolog/jlog/JLogFalse"><method name="&lt;init&gt;" desc="(Lio/github/prolobjectlink/prolog/PrologProvider;)V" line="40"><counter type="INSTRUCTION" missed="0" covered="9"/><counter type="LINE" missed="0" covered="2"/><counter type="COMPLEXITY" missed="0" covered="1"/><counter type="METHOD" missed="0" covered="1"/></method><method name="getArguments" desc="()[Lio/github/prolobjectlink/prolog/PrologTerm;" line="44"><counter type="INSTRUCTION" missed="0" covered="3"/><counter type="LINE" missed="0" covered="1"/><counter type="COMPLEXITY" missed="0" covered="1"/><counter type="METHOD" missed="0" covered="1"/></method><method name="getArity" desc="()I" line="48"><counter type="INSTRUCTION" missed="0" covered="2"/><counter type="LINE" missed="0" covered="1"/><counter type="COMPLEXITY" missed="0" covered="1"/><counter type="METHOD" missed="0" covered="1"/></method><method name="getFunctor" desc="()Ljava/lang/String;" line="52"><counter type="INSTRUCTION" missed="0" covered="12"/><counter type="LINE" missed="0" covered="1"/><counter type="COMPLEXITY" missed="0" covered="1"/><counter type="METHOD" missed="0" covered="1"/></method><counter type="INSTRUCTION" missed="0" covered="26"/><counter type="LINE" missed="0" covered="5"/><counter type="COMPLEXITY" missed="0" covered="4"/><counter type="METHOD" missed="0" covered="4"/><counter type="CLASS" missed="0" covered="1"/></class><class name="io/github/prolobjectlink/prolog/jlog/JLogTerm"><method name="adaptList" desc="([Lio/github/prolobjectlink/prolog/PrologTerm;)Lubc/cs/JLog/Terms/jList;" line="79"><counter type="INSTRUCTION" missed="0" covered="25"/><counter type="BRANCH" missed="0" covered="2"/><counter type="LINE" missed="0" covered="4"/><counter type="COMPLEXITY" missed="0" covered="2"/><counter type="METHOD" missed="0" covered="1"/></method><method name="adaptCompound" desc="([Lio/github/prolobjectlink/prolog/PrologTerm;)Lubc/cs/JLog/Terms/jCompoundTerm;" line="87"><counter type="INSTRUCTION" missed="0" covered="31"/><counter type="BRANCH" missed="0" covered="2"/><counter type="LINE" missed="0" covered="4"/><counter type="COMPLEXITY" missed="0" covered="2"/><counter type="METHOD" missed="0" covered="1"/></method><method name="&lt;init&gt;" desc="(ILio/github/prolobjectlink/prolog/PrologProvider;)V" line="76"><counter type="INSTRUCTION" missed="0" covered="10"/><counter type="LINE" missed="0" covered="3"/><counter type="COMPLEXITY" missed="0" covered="1"/><counter type="METHOD" missed="0" covered="1"/></method><method name="&lt;init&gt;" desc="(ILio/github/prolobjectlink/prolog/PrologProvider;Lubc/cs/JLog/Terms/jTerm;)V" line="76"><counter type="INSTRUCTION" missed="0" covered="13"/><counter type="LINE" missed="0" covered="4"/><counter type="COMPLEXITY" missed="0" covered="1"/><counter type="METHOD" missed="0" covered="1"/></method><method name="&lt;init&gt;" desc="(ILio/github/prolobjectlink/prolog/PrologProvider;I)V" line="104"><counter type="INSTRUCTION" missed="0" covered="11"/><counter type="LINE" missed="0" covered="3"/><counter type="COMPLEXITY" missed="0" covered="1"/><counter type="METHOD" missed="0" covered="1"/></method><method name="&lt;init&gt;" desc="(ILio/github/prolobjectlink/prolog/PrologProvider;Ljava/lang/String;I)V" line="109"><counter type="INSTRUCTION" missed="0" covered="12"/><counter type="LINE" missed="0" covered="3"/><counter type="COMPLEXITY" missed="0" covered="1"/><counter type="METHOD" missed="0" covered="1"/></method><method name="isAtom" desc="()Z" line="114"><counter type="INSTRUCTION" missed="0" covered="28"/><counter type="BRANCH" missed="0" covered="12"/><counter type="LINE" missed="0" covered="1"/><counter type="COMPLEXITY" missed="0" covered="7"/><counter type="METHOD" missed="0" covered="1"/></method><method name="isNumber" desc="()Z" line="119"><counter type="INSTRUCTION" missed="0" covered="16"/><counter type="BRANCH" missed="0" covered="8"/><counter type="LINE" missed="0" covered="1"/><counter type="COMPLEXITY" missed="0" covered="5"/><counter type="METHOD" missed="0" covered="1"/></method><method name="isFloat" desc="()Z" line="123"><counter type="INSTRUCTION" missed="0" covered="8"/><counter type="BRANCH" missed="0" covered="2"/><counter type="LINE" missed="0" covered="1"/><counter type="COMPLEXITY" missed="0" covered="2"/><counter type="METHOD" missed="0" covered="1"/></method><method name="isDouble" desc="()Z" line="127"><counter type="INSTRUCTION" missed="0" covered="8"/><counter type="BRANCH" missed="0" covered="2"/><counter type="LINE" missed="0" covered="1"/><counter type="COMPLEXITY" missed="0" covered="2"/><counter type="METHOD" missed="0" covered="1"/></method><method name="isInteger" desc="()Z" line="131"><counter type="INSTRUCTION" missed="0" covered="8"/><counter type="BRANCH" missed="0" covered="2"/><counter type="LINE" missed="0" covered="1"/><counter type="COMPLEXITY" missed="0" covered="2"/><counter type="METHOD" missed="0" covered="1"/></method><method name="isLong" desc="()Z" line="135"><counter type="INSTRUCTION" missed="0" covered="8"/><counter type="BRANCH" missed="0" covered="2"/><counter type="LINE" missed="0" covered="1"/><counter type="COMPLEXITY" missed="0" covered="2"/><counter type="METHOD" missed="0" covered="1"/></method><method name="isVariable" desc="()Z" line="139"><counter type="INSTRUCTION" missed="0" covered="8"/><counter type="BRANCH" missed="0" covered="2"/><counter type="LINE" missed="0" covered="1"/><counter type="COMPLEXITY" missed="0" covered="2"/><counter type="METHOD" missed="0" covered="1"/></method><method name="isList" desc="()Z" line="143"><counter type="INSTRUCTION" missed="0" covered="10"/><counter type="BRANCH" missed="1" covered="3"/><counter type="LINE" missed="0" covered="1"/><counter type="COMPLEXITY" missed="1" covered="2"/><counter type="METHOD" missed="0" covered="1"/></method><method name="isStructure" desc="()Z" line="151"><counter type="INSTRUCTION" missed="0" covered="3"/><counter type="LINE" missed="0" covered="1"/><counter type="COMPLEXITY" missed="0" covered="1"/><counter type="METHOD" missed="0" covered="1"/></method><method name="isNil" desc="()Z" line="155"><counter type="INSTRUCTION" missed="0" covered="3"/><counter type="LINE" missed="0" covered="1"/><counter type="COMPLEXITY" missed="0" covered="1"/><counter type="METHOD" missed="0" covered="1"/></method><method name="isEmptyList" desc="()Z" line="159"><counter type="INSTRUCTION" missed="0" covered="3"/><counter type="LINE" missed="0" covered="1"/><counter type="COMPLEXITY" missed="0" covered="1"/><counter type="METHOD" missed="0" covered="1"/></method><method name="isEvaluable" desc="()Z" line="163"><counter type="INSTRUCTION" missed="20" covered="68"/><counter type="BRANCH" missed="4" covered="8"/><counter type="LINE" missed="3" covered="21"/><counter type="COMPLEXITY" missed="3" covered="4"/><counter type="METHOD" missed="0" covered="1"/></method><method name="isAtomic" desc="()Z" line="195"><counter type="INSTRUCTION" missed="1" covered="6"/><counter type="BRANCH" missed="1" covered="1"/><counter type="LINE" missed="0" covered="1"/><counter type="COMPLEXITY" missed="1" covered="1"/><counter type="METHOD" missed="0" covered="1"/></method><method name="isCompound" desc="()Z" line="199"><counter type="INSTRUCTION" missed="0" covered="14"/><counter type="BRANCH" missed="1" covered="3"/><counter type="LINE" missed="0" covered="1"/><counter type="COMPLEXITY" missed="1" covered="2"/><counter type="METHOD" missed="0" covered="1"/></method><method name="isTrueType" desc="()Z" line="203"><counter type="INSTRUCTION" missed="2" covered="0"/><counter type="LINE" missed="1" covered="0"/><counter type="COMPLEXITY" missed="1" covered="0"/><counter type="METHOD" missed="1" covered="0"/></method><method name="isFalseType" desc="()Z" line="207"><counter type="INSTRUCTION" missed="2" covered="0"/><counter type="LINE" missed="1" covered="0"/><counter type="COMPLEXITY" missed="1" covered="0"/><counter type="METHOD" missed="1" covered="0"/></method><method name="isNullType" desc="()Z" line="211"><counter type="INSTRUCTION" missed="2" covered="0"/><counter type="LINE" missed="1" covered="0"/><counter type="COMPLEXITY" missed="1" covered="0"/><counter type="METHOD" missed="1" covered="0"/></method><method name="isVoidType" desc="()Z" line="215"><counter type="INSTRUCTION" missed="2" covered="0"/><counter type="LINE" missed="1" covered="0"/><counter type="COMPLEXITY" missed="1" covered="0"/><counter type="METHOD" missed="1" covered="0"/></method><method name="isObjectType" desc="()Z" line="219"><counter type="INSTRUCTION" missed="2" covered="0"/><counter type="LINE" missed="1" covered="0"/><counter type="COMPLEXITY" missed="1" covered="0"/><counter type="METHOD" missed="1" covered="0"/></method><method name="isReference" desc="()Z" line="223"><counter type="INSTRUCTION" missed="2" covered="0"/><counter type="LINE" missed="1" covered="0"/><counter type="COMPLEXITY" missed="1" covered="0"/><counter type="METHOD" missed="1" covered="0"/></method><method name="getObject" desc="()Ljava/lang/Object;" line="227"><counter type="INSTRUCTION" missed="2" covered="0"/><counter type="LINE" missed="1" covered="0"/><counter type="COMPLEXITY" missed="1" covered="0"/><counter type="METHOD" missed="1" covered="0"/></method><method name="getTerm" desc="()Lio/github/prolobjectlink/prolog/PrologTerm;" line="231"><counter type="INSTRUCTION" missed="7" covered="0"/><counter type="LINE" missed="1" covered="0"/><counter type="COMPLEXITY" missed="1" covered="0"/><counter type="METHOD" missed="1" covered="0"/></method><method name="unify" desc="(Lio/github/prolobjectlink/prolog/PrologTerm;)Z" line="235"><counter type="INSTRUCTION" missed="0" covered="27"/><counter type="BRANCH" missed="0" covered="2"/><counter type="LINE" missed="0" covered="7"/><counter type="COMPLEXITY" missed="0" covered="2"/><counter type="METHOD" missed="0" covered="1"/></method><method name="unify" desc="(Lio/github/prolobjectlink/prolog/PrologTerm;Ljava/util/Deque;)Z" line="245"><counter type="INSTRUCTION" missed="0" covered="6"/><counter type="LINE" missed="0" covered="1"/><counter type="COMPLEXITY" missed="0" covered="1"/><counter type="METHOD" missed="0" covered="1"/></method><method name="unify" desc="(Lio/github/prolobjectlink/prolog/jlog/JLogTerm;Ljava/util/Deque;)Z" line="250"><counter type="INSTRUCTION" missed="14" covered="157"/><counter type="BRANCH" missed="6" covered="34"/><counter type="LINE" missed="2" covered="39"/><counter type="COMPLEXITY" missed="6" covered="15"/><counter type="METHOD" missed="0" covered="1"/></method><method name="isVariableBound" desc="()Z" line="327"><counter type="INSTRUCTION" missed="2" covered="8"/><counter type="BRANCH" missed="1" covered="3"/><counter type="LINE" missed="0" covered="1"/><counter type="COMPLEXITY" missed="1" covered="2"/><counter type="METHOD" missed="0" covered="1"/></method><method name="isVariableNotBound" desc="()Z" line="337"><counter type="INSTRUCTION" missed="0" covered="10"/><counter type="BRANCH" missed="0" covered="4"/><counter type="LINE" missed="0" covered="1"/><counter type="COMPLEXITY" missed="0" covered="3"/><counter type="METHOD" missed="0" covered="1"/></method><method name="bind" desc="(Lio/github/prolobjectlink/prolog/jlog/JLogTerm;)V" line="346"><counter type="INSTRUCTION" missed="0" covered="4"/><counter type="LINE" missed="0" covered="2"/><counter type="COMPLEXITY" missed="0" covered="1"/><counter type="METHOD" missed="0" covered="1"/></method><method name="unbind" desc="()V" line="351"><counter type="INSTRUCTION" missed="0" covered="4"/><counter type="LINE" missed="0" covered="2"/><counter type="COMPLEXITY" missed="0" covered="1"/><counter type="METHOD" missed="0" covered="1"/></method><method name="compareTo" desc="(Lio/github/prolobjectlink/prolog/PrologTerm;)I" line="356"><counter type="INSTRUCTION" missed="6" covered="208"/><counter type="BRANCH" missed="5" covered="47"/><counter type="LINE" missed="3" covered="61"/><counter type="COMPLEXITY" missed="5" covered="25"/><counter type="METHOD" missed="0" covered="1"/></method><method name="hashCode" desc="()I" line="491"><counter type="INSTRUCTION" missed="2" covered="25"/><counter type="BRANCH" missed="1" covered="1"/><counter type="LINE" missed="0" covered="5"/><counter type="COMPLEXITY" missed="1" covered="1"/><counter type="METHOD" missed="0" covered="1"/></method><method name="equals" desc="(Ljava/lang/Object;)Z" line="500"><counter type="INSTRUCTION" missed="11" covered="35"/><counter type="BRANCH" missed="6" covered="8"/><counter type="LINE" missed="5" covered="10"/><counter type="COMPLEXITY" missed="5" covered="3"/><counter type="METHOD" missed="0" covered="1"/></method><method name="toString" desc="()Ljava/lang/String;" line="520"><counter type="INSTRUCTION" missed="0" covered="5"/><counter type="LINE" missed="0" covered="1"/><counter type="COMPLEXITY" missed="0" covered="1"/><counter type="METHOD" missed="0" covered="1"/></method><method name="&lt;clinit&gt;" desc="()V" line="74"><counter type="INSTRUCTION" missed="0" covered="3"/><counter type="LINE" missed="0" covered="1"/><counter type="COMPLEXITY" missed="0" covered="1"/><counter type="METHOD" missed="0" covered="1"/></method><counter type="INSTRUCTION" missed="77" covered="785"/><counter type="BRANCH" missed="26" covered="148"/><counter type="LINE" missed="21" covered="185"/><counter type="COMPLEXITY" missed="32" covered="98"/><counter type="METHOD" missed="8" covered="32"/><counter type="CLASS" missed="0" covered="1"/></class><class name="io/github/prolobjectlink/prolog/jlog/JLogDouble"><method name="&lt;init&gt;" desc="(Lio/github/prolobjectlink/prolog/PrologProvider;Ljava/lang/Number;)V" line="37"><counter type="INSTRUCTION" missed="0" covered="10"/><counter type="LINE" missed="0" covered="2"/><counter type="COMPLEXITY" missed="0" covered="1"/><counter type="METHOD" missed="0" covered="1"/></method><method name="getDoubleValue" desc="()D" line="41"><counter type="INSTRUCTION" missed="0" covered="5"/><counter type="LINE" missed="0" covered="1"/><counter type="COMPLEXITY" missed="0" covered="1"/><counter type="METHOD" missed="0" covered="1"/></method><method name="getFloatValue" desc="()F" line="45"><counter type="INSTRUCTION" missed="0" covered="4"/><counter type="LINE" missed="0" covered="1"/><counter type="COMPLEXITY" missed="0" covered="1"/><counter type="METHOD" missed="0" covered="1"/></method><counter type="INSTRUCTION" missed="0" covered="19"/><counter type="LINE" missed="0" covered="4"/><counter type="COMPLEXITY" missed="0" covered="3"/><counter type="METHOD" missed="0" covered="3"/><counter type="CLASS" missed="0" covered="1"/></class><class name="io/github/prolobjectlink/prolog/jlog/JLogScriptFactory"><method name="&lt;init&gt;" desc="()V" line="33"><counter type="INSTRUCTION" missed="0" covered="7"/><counter type="LINE" missed="0" covered="2"/><counter type="COMPLEXITY" missed="0" covered="1"/><counter type="METHOD" missed="0" covered="1"/></method><method name="getMethodCallSyntax" desc="(Ljava/lang/String;Ljava/lang/String;[Ljava/lang/String;)Ljava/lang/String;" line="37"><counter type="INSTRUCTION" missed="0" covered="20"/><counter type="LINE" missed="0" covered="1"/><counter type="COMPLEXITY" missed="0" covered="1"/><counter type="METHOD" missed="0" covered="1"/></method><counter type="INSTRUCTION" missed="0" covered="27"/><counter type="LINE" missed="0" covered="3"/><counter type="COMPLEXITY" missed="0" covered="2"/><counter type="METHOD" missed="0" covered="2"/><counter type="CLASS" missed="0" covered="1"/></class><class name="io/github/prolobjectlink/prolog/jlog/JLogClause"><method name="&lt;init&gt;" desc="(Lio/github/prolobjectlink/prolog/PrologProvider;Lio/github/prolobjectlink/prolog/PrologTerm;ZZZ)V" line="41"><counter type="INSTRUCTION" missed="0" covered="17"/><counter type="LINE" missed="0" covered="3"/><counter type="COMPLEXITY" missed="0" covered="1"/><counter type="METHOD" missed="0" covered="1"/></method><method name="&lt;init&gt;" desc="(Lio/github/prolobjectlink/prolog/PrologProvider;Lio/github/prolobjectlink/prolog/PrologTerm;Lio/github/prolobjectlink/prolog/PrologTerm;ZZZ)V" line="47"><counter type="INSTRUCTION" missed="0" covered="18"/><counter type="LINE" missed="0" covered="3"/><counter type="COMPLEXITY" missed="0" covered="1"/><counter type="METHOD" missed="0" covered="1"/></method><method name="getPrologIndicator" desc="()Lio/github/prolobjectlink/prolog/PrologIndicator;" line="52"><counter type="INSTRUCTION" missed="0" covered="3"/><counter type="LINE" missed="0" covered="1"/><counter type="COMPLEXITY" missed="0" covered="1"/><counter type="METHOD" missed="0" covered="1"/></method><method name="hashCode" desc="()I" line="57"><counter type="INSTRUCTION" missed="2" covered="18"/><counter type="BRANCH" missed="1" covered="1"/><counter type="LINE" missed="0" covered="4"/><counter type="COMPLEXITY" missed="1" covered="1"/><counter type="METHOD" missed="0" covered="1"/></method><method name="equals" desc="(Ljava/lang/Object;)Z" line="65"><counter type="INSTRUCTION" missed="11" covered="28"/><counter type="BRANCH" missed="6" covered="6"/><counter type="LINE" missed="5" covered="8"/><counter type="COMPLEXITY" missed="5" covered="2"/><counter type="METHOD" missed="0" covered="1"/></method><counter type="INSTRUCTION" missed="13" covered="84"/><counter type="BRANCH" missed="7" covered="7"/><counter type="LINE" missed="5" covered="19"/><counter type="COMPLEXITY" missed="6" covered="6"/><counter type="METHOD" missed="0" covered="5"/><counter type="CLASS" missed="0" covered="1"/></class><class name="io/github/prolobjectlink/prolog/jlog/JLogLong"><method name="&lt;init&gt;" desc="(Lio/github/prolobjectlink/prolog/PrologProvider;Ljava/lang/Number;)V" line="38"><counter type="INSTRUCTION" missed="0" covered="10"/><counter type="LINE" missed="0" covered="2"/><counter type="COMPLEXITY" missed="0" covered="1"/><counter type="METHOD" missed="0" covered="1"/></method><counter type="INSTRUCTION" missed="0" covered="10"/><counter type="LINE" missed="0" covered="2"/><counter type="COMPLEXITY" missed="0" covered="1"/><counter type="METHOD" missed="0" covered="1"/><counter type="CLASS" missed="0" covered="1"/></class><class name="io/github/prolobjectlink/prolog/jlog/JLogNil"><method name="&lt;init&gt;" desc="(Lio/github/prolobjectlink/prolog/PrologProvider;)V" line="40"><counter type="INSTRUCTION" missed="0" covered="9"/><counter type="LINE" missed="0" covered="2"/><counter type="COMPLEXITY" missed="0" covered="1"/><counter type="METHOD" missed="0" covered="1"/></method><method name="getArguments" desc="()[Lio/github/prolobjectlink/prolog/PrologTerm;" line="44"><counter type="INSTRUCTION" missed="0" covered="3"/><counter type="LINE" missed="0" covered="1"/><counter type="COMPLEXITY" missed="0" covered="1"/><counter type="METHOD" missed="0" covered="1"/></method><method name="getArity" desc="()I" line="48"><counter type="INSTRUCTION" missed="0" covered="2"/><counter type="LINE" missed="0" covered="1"/><counter type="COMPLEXITY" missed="0" covered="1"/><counter type="METHOD" missed="0" covered="1"/></method><method name="getFunctor" desc="()Ljava/lang/String;" line="52"><counter type="INSTRUCTION" missed="0" covered="12"/><counter type="LINE" missed="0" covered="1"/><counter type="COMPLEXITY" missed="0" covered="1"/><counter type="METHOD" missed="0" covered="1"/></method><counter type="INSTRUCTION" missed="0" covered="26"/><counter type="LINE" missed="0" covered="5"/><counter type="COMPLEXITY" missed="0" covered="4"/><counter type="METHOD" missed="0" covered="4"/><counter type="CLASS" missed="0" covered="1"/></class><class name="io/github/prolobjectlink/prolog/jlog/jLong"><method name="&lt;init&gt;" desc="(J)V" line="43"><counter type="INSTRUCTION" missed="9" covered="0"/><counter type="LINE" missed="4" covered="0"/><counter type="COMPLEXITY" missed="1" covered="0"/><counter type="METHOD" missed="1" covered="0"/></method><method name="getName" desc="()Ljava/lang/String;" line="50"><counter type="INSTRUCTION" missed="4" covered="0"/><counter type="LINE" missed="1" covered="0"/><counter type="COMPLEXITY" missed="1" covered="0"/><counter type="METHOD" missed="1" covered="0"/></method><method name="getIntegerValue" desc="()J" line="54"><counter type="INSTRUCTION" missed="3" covered="0"/><counter type="LINE" missed="1" covered="0"/><counter type="COMPLEXITY" missed="1" covered="0"/><counter type="METHOD" missed="1" covered="0"/></method><method name="compare" desc="(Lubc/cs/JLog/Terms/jTerm;ZZ)I" line="58"><counter type="INSTRUCTION" missed="63" covered="0"/><counter type="BRANCH" missed="18" covered="0"/><counter type="LINE" missed="19" covered="0"/><counter type="COMPLEXITY" missed="10" covered="0"/><counter type="METHOD" missed="1" covered="0"/></method><method name="equivalence" desc="(Lubc/cs/JLog/Terms/jTerm;Lubc/cs/JLog/Foundation/jEquivalenceMapping;)Z" line="90"><counter type="INSTRUCTION" missed="26" covered="0"/><counter type="BRANCH" missed="6" covered="0"/><counter type="LINE" missed="6" covered="0"/><counter type="COMPLEXITY" missed="4" covered="0"/><counter type="METHOD" missed="1" covered="0"/></method><method name="unify" desc="(Lubc/cs/JLog/Terms/jTerm;Lubc/cs/JLog/Foundation/jUnifiedVector;)Z" line="107"><counter type="INSTRUCTION" missed="32" covered="0"/><counter type="BRANCH" missed="8" covered="0"/><counter type="LINE" missed="7" covered="0"/><counter type="COMPLEXITY" missed="5" covered="0"/><counter type="METHOD" missed="1" covered="0"/></method><method name="registerVariables" desc="(Lubc/cs/JLog/Foundation/jVariableVector;)V" line="125"><counter type="INSTRUCTION" missed="1" covered="0"/><counter type="LINE" missed="1" covered="0"/><counter type="COMPLEXITY" missed="1" covered="0"/><counter type="METHOD" missed="1" covered="0"/></method><method name="enumerateVariables" desc="(Lubc/cs/JLog/Foundation/jVariableVector;Z)V" line="129"><counter type="INSTRUCTION" missed="1" covered="0"/><counter type="LINE" missed="1" covered="0"/><counter type="COMPLEXITY" missed="1" covered="0"/><counter type="METHOD" missed="1" covered="0"/></method><method name="duplicate" desc="([Lubc/cs/JLog/Terms/jVariable;)Lubc/cs/JLog/Terms/jTerm;" line="132"><counter type="INSTRUCTION" missed="2" covered="0"/><counter type="LINE" missed="1" covered="0"/><counter type="COMPLEXITY" missed="1" covered="0"/><counter type="METHOD" missed="1" covered="0"/></method><method name="copy" desc="(Lubc/cs/JLog/Foundation/jVariableRegistry;)Lubc/cs/JLog/Terms/jTerm;" line="137"><counter type="INSTRUCTION" missed="2" covered="0"/><counter type="LINE" missed="1" covered="0"/><counter type="COMPLEXITY" missed="1" covered="0"/><counter type="METHOD" missed="1" covered="0"/></method><method name="toString" desc="(Z)Ljava/lang/String;" line="142"><counter type="INSTRUCTION" missed="4" covered="0"/><counter type="LINE" missed="1" covered="0"/><counter type="COMPLEXITY" missed="1" covered="0"/><counter type="METHOD" missed="1" covered="0"/></method><counter type="INSTRUCTION" missed="147" covered="0"/><counter type="BRANCH" missed="32" covered="0"/><counter type="LINE" missed="43" covered="0"/><counter type="COMPLEXITY" missed="27" covered="0"/><counter type="METHOD" missed="11" covered="0"/><counter type="CLASS" missed="1" covered="0"/></class><class name="io/github/prolobjectlink/prolog/jlog/JLogReference"><method name="&lt;init&gt;" desc="(Lio/github/prolobjectlink/prolog/PrologProvider;Lubc/cs/JLog/Terms/jTerm;)V" line="35"><counter type="INSTRUCTION" missed="6" covered="0"/><counter type="LINE" missed="2" covered="0"/><counter type="COMPLEXITY" missed="1" covered="0"/><counter type="METHOD" missed="1" covered="0"/></method><method name="&lt;init&gt;" desc="(Lio/github/prolobjectlink/prolog/PrologProvider;Ljava/lang/Object;)V" line="39"><counter type="INSTRUCTION" missed="0" covered="9"/><counter type="LINE" missed="0" covered="2"/><counter type="COMPLEXITY" missed="0" covered="1"/><counter type="METHOD" missed="0" covered="1"/></method><method name="getArity" desc="()I" line="43"><counter type="INSTRUCTION" missed="0" covered="2"/><counter type="LINE" missed="0" covered="1"/><counter type="COMPLEXITY" missed="0" covered="1"/><counter type="METHOD" missed="0" covered="1"/></method><method name="getFunctor" desc="()Ljava/lang/String;" line="47"><counter type="INSTRUCTION" missed="0" covered="7"/><counter type="LINE" missed="0" covered="2"/><counter type="COMPLEXITY" missed="0" covered="1"/><counter type="METHOD" missed="0" covered="1"/></method><method name="getArguments" desc="()[Lio/github/prolobjectlink/prolog/PrologTerm;" line="52"><counter type="INSTRUCTION" missed="0" covered="3"/><counter type="LINE" missed="0" covered="1"/><counter type="COMPLEXITY" missed="0" covered="1"/><counter type="METHOD" missed="0" covered="1"/></method><method name="isTrueType" desc="()Z" line="56"><counter type="INSTRUCTION" missed="0" covered="6"/><counter type="LINE" missed="0" covered="1"/><counter type="COMPLEXITY" missed="0" covered="1"/><counter type="METHOD" missed="0" covered="1"/></method><method name="isFalseType" desc="()Z" line="60"><counter type="INSTRUCTION" missed="0" covered="6"/><counter type="LINE" missed="0" covered="1"/><counter type="COMPLEXITY" missed="0" covered="1"/><counter type="METHOD" missed="0" covered="1"/></method><method name="isNullType" desc="()Z" line="64"><counter type="INSTRUCTION" missed="0" covered="7"/><counter type="BRANCH" missed="0" covered="2"/><counter type="LINE" missed="0" covered="1"/><counter type="COMPLEXITY" missed="0" covered="2"/><counter type="METHOD" missed="0" covered="1"/></method><method name="isVoidType" desc="()Z" line="68"><counter type="INSTRUCTION" missed="0" covered="8"/><counter type="BRANCH" missed="0" covered="2"/><counter type="LINE" missed="0" covered="1"/><counter type="COMPLEXITY" missed="0" covered="2"/><counter type="METHOD" missed="0" covered="1"/></method><method name="isObjectType" desc="()Z" line="72"><counter type="INSTRUCTION" missed="1" covered="7"/><counter type="BRANCH" missed="1" covered="1"/><counter type="LINE" missed="0" covered="1"/><counter type="COMPLEXITY" missed="1" covered="1"/><counter type="METHOD" missed="0" covered="1"/></method><method name="isReference" desc="()Z" line="76"><counter type="INSTRUCTION" missed="4" covered="6"/><counter type="BRANCH" missed="3" covered="1"/><counter type="LINE" missed="0" covered="1"/><counter type="COMPLEXITY" missed="2" covered="1"/><counter type="METHOD" missed="0" covered="1"/></method><method name="getObject" desc="()Ljava/lang/Object;" line="80"><counter type="INSTRUCTION" missed="0" covered="7"/><counter type="LINE" missed="0" covered="2"/><counter type="COMPLEXITY" missed="0" covered="1"/><counter type="METHOD" missed="0" covered="1"/></method><method name="getTerm" desc="()Lio/github/prolobjectlink/prolog/PrologTerm;" line="85"><counter type="INSTRUCTION" missed="0" covered="17"/><counter type="LINE" missed="0" covered="2"/><counter type="COMPLEXITY" missed="0" covered="1"/><counter type="METHOD" missed="0" covered="1"/></method><counter type="INSTRUCTION" missed="11" covered="85"/><counter type="BRANCH" missed="4" covered="6"/><counter type="LINE" missed="2" covered="16"/><counter type="COMPLEXITY" missed="4" covered="14"/><counter type="METHOD" missed="1" covered="12"/><counter type="CLASS" missed="0" covered="1"/></class><class name="io/github/prolobjectlink/prolog/jlog/JLogIterator"><method name="&lt;init&gt;" desc="(Lubc/cs/JLog/Terms/jList;)V" line="42"><counter type="INSTRUCTION" missed="0" covered="13"/><counter type="BRANCH" missed="1" covered="1"/><counter type="LINE" missed="0" covered="4"/><counter type="COMPLEXITY" missed="1" covered="1"/><counter type="METHOD" missed="0" covered="1"/></method><method name="hasNext" desc="()Z" line="53"><counter type="INSTRUCTION" missed="0" covered="11"/><counter type="BRANCH" missed="1" covered="3"/><counter type="LINE" missed="0" covered="1"/><counter type="COMPLEXITY" missed="1" covered="2"/><counter type="METHOD" missed="0" covered="1"/></method><method name="next" desc="()Lubc/cs/JLog/Terms/jTerm;" line="57"><counter type="INSTRUCTION" missed="5" covered="12"/><counter type="BRANCH" missed="2" covered="2"/><counter type="LINE" missed="1" covered="2"/><counter type="COMPLEXITY" missed="2" covered="1"/><counter type="METHOD" missed="0" covered="1"/></method><counter type="INSTRUCTION" missed="5" covered="36"/><counter type="BRANCH" missed="4" covered="6"/><counter type="LINE" missed="1" covered="7"/><counter type="COMPLEXITY" missed="4" covered="4"/><counter type="METHOD" missed="0" covered="3"/><counter type="CLASS" missed="0" covered="1"/></class><class name="io/github/prolobjectlink/prolog/jlog/JLogVariable"><method name="&lt;init&gt;" desc="(Lio/github/prolobjectlink/prolog/PrologProvider;)V" line="41"><counter type="INSTRUCTION" missed="0" covered="10"/><counter type="LINE" missed="0" covered="2"/><counter type="COMPLEXITY" missed="0" covered="1"/><counter type="METHOD" missed="0" covered="1"/></method><method name="&lt;init&gt;" desc="(Lio/github/prolobjectlink/prolog/PrologProvider;Ljava/lang/String;)V" line="45"><counter type="INSTRUCTION" missed="0" covered="11"/><counter type="LINE" missed="0" covered="2"/><counter type="COMPLEXITY" missed="0" covered="1"/><counter type="METHOD" missed="0" covered="1"/></method><method name="isAnonymous" desc="()Z" line="49"><counter type="INSTRUCTION" missed="0" covered="9"/><counter type="BRANCH" missed="0" covered="2"/><counter type="LINE" missed="0" covered="1"/><counter type="COMPLEXITY" missed="0" covered="2"/><counter type="METHOD" missed="0" covered="1"/></method><method name="getName" desc="()Ljava/lang/String;" line="53"><counter type="INSTRUCTION" missed="0" covered="5"/><counter type="LINE" missed="0" covered="1"/><counter type="COMPLEXITY" missed="0" covered="1"/><counter type="METHOD" missed="0" covered="1"/></method><method name="setName" desc="(Ljava/lang/String;)V" line="57"><counter type="INSTRUCTION" missed="0" covered="7"/><counter type="LINE" missed="0" covered="2"/><counter type="COMPLEXITY" missed="0" covered="1"/><counter type="METHOD" missed="0" covered="1"/></method><method name="getArguments" desc="()[Lio/github/prolobjectlink/prolog/PrologTerm;" line="61"><counter type="INSTRUCTION" missed="0" covered="3"/><counter type="LINE" missed="0" covered="1"/><counter type="COMPLEXITY" missed="0" covered="1"/><counter type="METHOD" missed="0" covered="1"/></method><method name="getArity" desc="()I" line="65"><counter type="INSTRUCTION" missed="5" covered="0"/><counter type="LINE" missed="1" covered="0"/><counter type="COMPLEXITY" missed="1" covered="0"/><counter type="METHOD" missed="1" covered="0"/></method><method name="getFunctor" desc="()Ljava/lang/String;" line="69"><counter type="INSTRUCTION" missed="0" covered="5"/><counter type="LINE" missed="0" covered="1"/><counter type="COMPLEXITY" missed="0" covered="1"/><counter type="METHOD" missed="0" covered="1"/></method><method name="getPosition" desc="()I" line="73"><counter type="INSTRUCTION" missed="3" covered="0"/><counter type="LINE" missed="1" covered="0"/><counter type="COMPLEXITY" missed="1" covered="0"/><counter type="METHOD" missed="1" covered="0"/></method><counter type="INSTRUCTION" missed="8" covered="50"/><counter type="BRANCH" missed="0" covered="2"/><counter type="LINE" missed="2" covered="10"/><counter type="COMPLEXITY" missed="2" covered="8"/><counter type="METHOD" missed="2" covered="7"/><counter type="CLASS" missed="0" covered="1"/></class><class name="io/github/prolobjectlink/prolog/jlog/JLogEngine"><method name="&lt;init&gt;" desc="(Lio/github/prolobjectlink/prolog/PrologProvider;)V" line="93"><counter type="INSTRUCTION" missed="8" covered="41"/><counter type="LINE" missed="2" covered="9"/><counter type="COMPLEXITY" missed="0" covered="1"/><counter type="METHOD" missed="0" covered="1"/></method><method name="clauseOrRetract" desc="(Lubc/cs/JLog/Foundation/jRule;Z)Z" line="116"><counter type="INSTRUCTION" missed="12" covered="77"/><counter type="BRANCH" missed="4" covered="14"/><counter type="LINE" missed="1" covered="22"/><counter type="COMPLEXITY" missed="3" covered="7"/><counter type="METHOD" missed="0" covered="1"/></method><method name="consult" desc="(Ljava/lang/String;)V" line="148"><counter type="INSTRUCTION" missed="15" covered="21"/><counter type="LINE" missed="2" covered="5"/><counter type="COMPLEXITY" missed="0" covered="1"/><counter type="METHOD" missed="0" covered="1"/></method><method name="consult" desc="(Ljava/io/Reader;)V" line="157"><counter type="INSTRUCTION" missed="15" covered="0"/><counter type="LINE" missed="3" covered="0"/><counter type="COMPLEXITY" missed="1" covered="0"/><counter type="METHOD" missed="1" covered="0"/></method><method name="include" desc="(Ljava/lang/String;)V" line="163"><counter type="INSTRUCTION" missed="15" covered="18"/><counter type="LINE" missed="2" covered="4"/><counter type="COMPLEXITY" missed="0" covered="1"/><counter type="METHOD" missed="0" covered="1"/></method><method name="include" desc="(Ljava/io/Reader;)V" line="171"><counter type="INSTRUCTION" missed="0" covered="12"/><counter type="LINE" missed="0" covered="2"/><counter type="COMPLEXITY" missed="0" covered="1"/><counter type="METHOD" missed="0" covered="1"/></method><method name="persist" desc="(Ljava/lang/String;)V" line="175"><counter type="INSTRUCTION" missed="69" covered="25"/><counter type="BRANCH" missed="14" covered="2"/><counter type="LINE" missed="4" covered="8"/><counter type="COMPLEXITY" missed="8" covered="1"/><counter type="METHOD" missed="0" covered="1"/></method><method name="abolish" desc="(Ljava/lang/String;I)V" line="191"><counter type="INSTRUCTION" missed="0" covered="19"/><counter type="BRANCH" missed="1" covered="1"/><counter type="LINE" missed="0" covered="6"/><counter type="COMPLEXITY" missed="1" covered="1"/><counter type="METHOD" missed="0" covered="1"/></method><method name="asserta" desc="(Ljava/lang/String;)V" line="200"><counter type="INSTRUCTION" missed="0" covered="7"/><counter type="LINE" missed="0" covered="2"/><counter type="COMPLEXITY" missed="0" covered="1"/><counter type="METHOD" missed="0" covered="1"/></method><method name="asserta" desc="(Lio/github/prolobjectlink/prolog/PrologTerm;)V" line="205"><counter type="INSTRUCTION" missed="0" covered="9"/><counter type="LINE" missed="0" covered="2"/><counter type="COMPLEXITY" missed="0" covered="1"/><counter type="METHOD" missed="0" covered="1"/></method><method name="asserta" desc="(Lio/github/prolobjectlink/prolog/PrologTerm;[Lio/github/prolobjectlink/prolog/PrologTerm;)V" line="209"><counter type="INSTRUCTION" missed="0" covered="8"/><counter type="LINE" missed="0" covered="2"/><counter type="COMPLEXITY" missed="0" covered="1"/><counter type="METHOD" missed="0" covered="1"/></method><method name="asserta" desc="(Lubc/cs/JLog/Foundation/jRule;)V" line="213"><counter type="INSTRUCTION" missed="0" covered="9"/><counter type="BRANCH" missed="0" covered="2"/><counter type="LINE" missed="0" covered="3"/><counter type="COMPLEXITY" missed="0" covered="2"/><counter type="METHOD" missed="0" covered="1"/></method><method name="assertz" desc="(Ljava/lang/String;)V" line="219"><counter type="INSTRUCTION" missed="0" covered="7"/><counter type="LINE" missed="0" covered="2"/><counter type="COMPLEXITY" missed="0" covered="1"/><counter type="METHOD" missed="0" covered="1"/></method><method name="assertz" desc="(Lio/github/prolobjectlink/prolog/PrologTerm;)V" line="224"><counter type="INSTRUCTION" missed="0" covered="9"/><counter type="LINE" missed="0" covered="2"/><counter type="COMPLEXITY" missed="0" covered="1"/><counter type="METHOD" missed="0" covered="1"/></method><method name="assertz" desc="(Lio/github/prolobjectlink/prolog/PrologTerm;[Lio/github/prolobjectlink/prolog/PrologTerm;)V" line="228"><counter type="INSTRUCTION" missed="0" covered="8"/><counter type="LINE" missed="0" covered="2"/><counter type="COMPLEXITY" missed="0" covered="1"/><counter type="METHOD" missed="0" covered="1"/></method><method name="assertz" desc="(Lubc/cs/JLog/Foundation/jRule;)V" line="232"><counter type="INSTRUCTION" missed="0" covered="9"/><counter type="BRANCH" missed="0" covered="2"/><counter type="LINE" missed="0" covered="3"/><counter type="COMPLEXITY" missed="0" covered="2"/><counter type="METHOD" missed="0" covered="1"/></method><method name="clause" desc="(Ljava/lang/String;)Z" line="238"><counter type="INSTRUCTION" missed="0" covered="7"/><counter type="LINE" missed="0" covered="1"/><counter type="COMPLEXITY" missed="0" covered="1"/><counter type="METHOD" missed="0" covered="1"/></method><method name="clause" desc="(Lio/github/prolobjectlink/prolog/PrologTerm;)Z" line="243"><counter type="INSTRUCTION" missed="9" covered="0"/><counter type="LINE" missed="1" covered="0"/><counter type="COMPLEXITY" missed="1" covered="0"/><counter type="METHOD" missed="1" covered="0"/></method><method name="clause" desc="(Lio/github/prolobjectlink/prolog/PrologTerm;[Lio/github/prolobjectlink/prolog/PrologTerm;)Z" line="247"><counter type="INSTRUCTION" missed="0" covered="8"/><counter type="LINE" missed="0" covered="1"/><counter type="COMPLEXITY" missed="0" covered="1"/><counter type="METHOD" missed="0" covered="1"/></method><method name="clause" desc="(Lubc/cs/JLog/Foundation/jRule;)Z" line="251"><counter type="INSTRUCTION" missed="0" covered="5"/><counter type="LINE" missed="0" covered="1"/><counter type="COMPLEXITY" missed="0" covered="1"/><counter type="METHOD" missed="0" covered="1"/></method><method name="retract" desc="(Ljava/lang/String;)V" line="255"><counter type="INSTRUCTION" missed="0" covered="7"/><counter type="LINE" missed="0" covered="2"/><counter type="COMPLEXITY" missed="0" covered="1"/><counter type="METHOD" missed="0" covered="1"/></method><method name="retract" desc="(Lio/github/prolobjectlink/prolog/PrologTerm;)V" line="260"><counter type="INSTRUCTION" missed="0" covered="9"/><counter type="LINE" missed="0" covered="2"/><counter type="COMPLEXITY" missed="0" covered="1"/><counter type="METHOD" missed="0" covered="1"/></method><method name="retract" desc="(Lio/github/prolobjectlink/prolog/PrologTerm;[Lio/github/prolobjectlink/prolog/PrologTerm;)V" line="264"><counter type="INSTRUCTION" missed="0" covered="8"/><counter type="LINE" missed="0" covered="2"/><counter type="COMPLEXITY" missed="0" covered="1"/><counter type="METHOD" missed="0" covered="1"/></method><method name="retract" desc="(Lubc/cs/JLog/Foundation/jRule;)V" line="268"><counter type="INSTRUCTION" missed="0" covered="6"/><counter type="LINE" missed="0" covered="2"/><counter type="COMPLEXITY" missed="0" covered="1"/><counter type="METHOD" missed="0" covered="1"/></method><method name="query" desc="(Ljava/lang/String;)Lio/github/prolobjectlink/prolog/PrologQuery;" line="272"><counter type="INSTRUCTION" missed="0" covered="6"/><counter type="LINE" missed="0" covered="1"/><counter type="COMPLEXITY" missed="0" covered="1"/><counter type="METHOD" missed="0" covered="1"/></method><method name="query" desc="(Lio/github/prolobjectlink/prolog/PrologTerm;)Lio/github/prolobjectlink/prolog/PrologQuery;" line="277"><counter type="INSTRUCTION" missed="0" covered="6"/><counter type="LINE" missed="0" covered="1"/><counter type="COMPLEXITY" missed="0" covered="1"/><counter type="METHOD" missed="0" covered="1"/></method><method name="query" desc="([Lio/github/prolobjectlink/prolog/PrologTerm;)Lio/github/prolobjectlink/prolog/PrologQuery;" line="281"><counter type="INSTRUCTION" missed="6" covered="0"/><counter type="LINE" missed="1" covered="0"/><counter type="COMPLEXITY" missed="1" covered="0"/><counter type="METHOD" missed="1" covered="0"/></method><method name="query" desc="(Lio/github/prolobjectlink/prolog/PrologTerm;[Lio/github/prolobjectlink/prolog/PrologTerm;)Lio/github/prolobjectlink/prolog/PrologQuery;" line="285"><counter type="INSTRUCTION" missed="0" covered="7"/><counter type="LINE" missed="0" covered="1"/><counter type="COMPLEXITY" missed="0" covered="1"/><counter type="METHOD" missed="0" covered="1"/></method><method name="operator" desc="(ILjava/lang/String;Ljava/lang/String;)V" line="289"><counter type="INSTRUCTION" missed="0" covered="15"/><counter type="LINE" missed="0" covered="3"/><counter type="COMPLEXITY" missed="0" covered="1"/><counter type="METHOD" missed="0" covered="1"/></method><method name="currentPredicate" desc="(Ljava/lang/String;I)Z" line="294"><counter type="INSTRUCTION" missed="0" covered="11"/><counter type="LINE" missed="0" covered="2"/><counter type="COMPLEXITY" missed="0" covered="1"/><counter type="METHOD" missed="0" covered="1"/></method><method name="currentOperator" desc="(ILjava/lang/String;Ljava/lang/String;)Z" line="299"><counter type="INSTRUCTION" missed="0" covered="34"/><counter type="BRANCH" missed="2" covered="6"/><counter type="LINE" missed="0" covered="3"/><counter type="COMPLEXITY" missed="2" covered="3"/><counter type="METHOD" missed="0" covered="1"/></method><method name="currentOperators" desc="()Ljava/util/Set;" line="305"><counter type="INSTRUCTION" missed="5" covered="61"/><counter type="BRANCH" missed="3" covered="8"/><counter type="LINE" missed="3" covered="24"/><counter type="COMPLEXITY" missed="3" covered="6"/><counter type="METHOD" missed="0" covered="1"/></method><method name="getType" desc="(Ljava/lang/String;)I" line="345"><counter type="INSTRUCTION" missed="16" covered="36"/><counter type="BRANCH" missed="6" covered="8"/><counter type="LINE" missed="5" covered="11"/><counter type="COMPLEXITY" missed="4" covered="4"/><counter type="METHOD" missed="0" covered="1"/></method><method name="iterator" desc="()Ljava/util/Iterator;" line="365"><counter type="INSTRUCTION" missed="0" covered="83"/><counter type="BRANCH" missed="0" covered="8"/><counter type="LINE" missed="0" covered="19"/><counter type="COMPLEXITY" missed="0" covered="5"/><counter type="METHOD" missed="0" covered="1"/></method><method name="getProgramSize" desc="()I" line="397"><counter type="INSTRUCTION" missed="0" covered="30"/><counter type="BRANCH" missed="0" covered="6"/><counter type="LINE" missed="0" covered="12"/><counter type="COMPLEXITY" missed="0" covered="4"/><counter type="METHOD" missed="0" covered="1"/></method><method name="getPredicates" desc="()Ljava/util/Set;" line="413"><counter type="INSTRUCTION" missed="0" covered="53"/><counter type="BRANCH" missed="0" covered="6"/><counter type="LINE" missed="0" covered="17"/><counter type="COMPLEXITY" missed="0" covered="4"/><counter type="METHOD" missed="0" covered="1"/></method><method name="getBuiltIns" desc="()Ljava/util/Set;" line="434"><counter type="INSTRUCTION" missed="0" covered="40"/><counter type="BRANCH" missed="0" covered="4"/><counter type="LINE" missed="0" covered="12"/><counter type="COMPLEXITY" missed="0" covered="3"/><counter type="METHOD" missed="0" covered="1"/></method><method name="getLicense" desc="()Ljava/lang/String;" line="450"><counter type="INSTRUCTION" missed="0" covered="2"/><counter type="LINE" missed="0" covered="1"/><counter type="COMPLEXITY" missed="0" covered="1"/><counter type="METHOD" missed="0" covered="1"/></method><method name="getVersion" desc="()Ljava/lang/String;" line="454"><counter type="INSTRUCTION" missed="0" covered="13"/><counter type="LINE" missed="0" covered="4"/><counter type="COMPLEXITY" missed="0" covered="1"/><counter type="METHOD" missed="0" covered="1"/></method><method name="getName" desc="()Ljava/lang/String;" line="461"><counter type="INSTRUCTION" missed="0" covered="10"/><counter type="LINE" missed="0" covered="3"/><counter type="COMPLEXITY" missed="0" covered="1"/><counter type="METHOD" missed="0" covered="1"/></method><method name="hashCode" desc="()I" line="468"><counter type="INSTRUCTION" missed="38" covered="0"/><counter type="LINE" missed="7" covered="0"/><counter type="COMPLEXITY" missed="1" covered="0"/><counter type="METHOD" missed="1" covered="0"/></method><method name="equals" desc="(Ljava/lang/Object;)Z" line="479"><counter type="INSTRUCTION" missed="44" covered="5"/><counter type="BRANCH" missed="11" covered="1"/><counter type="LINE" missed="12" covered="2"/><counter type="COMPLEXITY" missed="6" covered="1"/><counter type="METHOD" missed="0" covered="1"/></method><method name="dispose" desc="()V" line="496"><counter type="INSTRUCTION" missed="0" covered="7"/><counter type="LINE" missed="0" covered="3"/><counter type="COMPLEXITY" missed="0" covered="1"/><counter type="METHOD" missed="0" covered="1"/></method><method name="verify" desc="()Ljava/util/List;" line="501"><counter type="INSTRUCTION" missed="8" covered="0"/>
[...]
sourcefile name="JLogQuery.java"><line nr="53" mi="5" ci="15" mb="0" cb="0"/><line nr="59" mi="0" ci="3" mb="0" cb="0"/><line nr="62" mi="0" ci="3" mb="0" cb="0"/><line nr="63" mi="0" ci="3" mb="0" cb="0"/><line nr="64" mi="0" ci="4" mb="0" cb="0"/><line nr="65" mi="0" ci="4" mb="0" cb="0"/><line nr="66" mi="0" ci="4" mb="0" cb="0"/><line nr="67" mi="2" ci="17" mb="1" cb="1"/><line nr="68" mi="0" ci="8" mb="0" cb="0"/><line nr="69" mi="0" ci="3" mb="0" cb="0"/><line nr="70" mi="0" ci="5" mb="0" cb="0"/><line nr="73" mi="0" ci="4" mb="0" cb="0"/><line nr="74" mi="0" ci="6" mb="0" cb="0"/><line nr="76" mi="0" ci="6" mb="0" cb="0"/><line nr="77" mi="1" ci="0" mb="0" cb="0"/><line nr="78" mi="3" ci="0" mb="0" cb="0"/><line nr="80" mi="4" ci="0" mb="0" cb="0"/><line nr="81" mi="7" ci="0" mb="0" cb="0"/><line nr="82" mi="5" ci="0" mb="0" cb="0"/><line nr="83" mi="5" ci="0" mb="0" cb="0"/><line nr="84" mi="3" ci="0" mb="0" cb="0"/><line nr="85" mi="0" ci="1" mb="0" cb="0"/><line nr="87" mi="0" ci="1" mb="0" cb="0"/><line nr="90" mi="0" ci="3" mb="0" cb="0"/><line nr="92" mi="0" ci="11" mb="0" cb="0"/><line nr="95" mi="0" ci="3" mb="0" cb="0"/><line nr="96" mi="0" ci="3" mb="0" cb="0"/><line nr="97" mi="0" ci="4" mb="0" cb="0"/><line nr="98" mi="0" ci="4" mb="0" cb="0"/><line nr="99" mi="0" ci="4" mb="0" cb="0"/><line nr="100" mi="0" ci="15" mb="0" cb="0"/><line nr="101" mi="0" ci="3" mb="0" cb="0"/><line nr="102" mi="0" ci="5" mb="0" cb="0"/><line nr="105" mi="0" ci="4" mb="0" cb="0"/><line nr="106" mi="0" ci="6" mb="0" cb="0"/><line nr="108" mi="0" ci="13" mb="0" cb="0"/><line nr="109" mi="1" ci="0" mb="0" cb="0"/><line nr="110" mi="3" ci="0" mb="0" cb="0"/><line nr="112" mi="4" ci="0" mb="0" cb="0"/><line nr="113" mi="7" ci="0" mb="0" cb="0"/><line nr="114" mi="5" ci="0" mb="0" cb="0"/><line nr="115" mi="5" ci="0" mb="0" cb="0"/><line nr="116" mi="3" ci="0" mb="0" cb="0"/><line nr="117" mi="0" ci="1" mb="0" cb="0"/><line nr="119" mi="0" ci="1" mb="0" cb="0"/><line nr="122" mi="3" ci="0" mb="0" cb="0"/><line nr="124" mi="5" ci="0" mb="4" cb="0"/><line nr="126" mi="5" ci="0" mb="0" cb="0"/><line nr="127" mi="15" ci="0" mb="0" cb="0"/><line nr="130" mi="3" ci="0" mb="0" cb="0"/><line nr="131" mi="3" ci="0" mb="0" cb="0"/><line nr="132" mi="4" ci="0" mb="0" cb="0"/><line nr="133" mi="4" ci="0" mb="0" cb="0"/><line nr="134" mi="4" ci="0" mb="0" cb="0"/><line nr="135" mi="8" ci="0" mb="0" cb="0"/><line nr="136" mi="3" ci="0" mb="0" cb="0"/><line nr="137" mi="5" ci="0" mb="0" cb="0"/><line nr="140" mi="4" ci="0" mb="0" cb="0"/><line nr="141" mi="6" ci="0" mb="0" cb="0"/><line nr="143" mi="6" ci="0" mb="0" cb="0"/><line nr="144" mi="1" ci="0" mb="0" cb="0"/><line nr="145" mi="3" ci="0" mb="0" cb="0"/><line nr="147" mi="4" ci="0" mb="0" cb="0"/><line nr="148" mi="7" ci="0" mb="0" cb="0"/><line nr="149" mi="5" ci="0" mb="0" cb="0"/><line nr="150" mi="5" ci="0" mb="0" cb="0"/><line nr="151" mi="3" ci="0" mb="0" cb="0"/><line nr="152" mi="1" ci="0" mb="0" cb="0"/><line nr="156" mi="1" ci="0" mb="0" cb="0"/><line nr="159" mi="0" ci="3" mb="0" cb="0"/><line nr="161" mi="0" ci="11" mb="0" cb="0"/><line nr="164" mi="0" ci="3" mb="0" cb="0"/><line nr="165" mi="0" ci="3" mb="0" cb="0"/><line nr="166" mi="0" ci="4" mb="0" cb="0"/><line nr="167" mi="0" ci="4" mb="0" cb="0"/><line nr="168" mi="0" ci="4" mb="0" cb="0"/><line nr="169" mi="0" ci="15" mb="0" cb="0"/><line nr="170" mi="0" ci="3" mb="0" cb="0"/><line nr="171" mi="0" ci="5" mb="0" cb="0"/><line nr="173" mi="0" ci="5" mb="2" cb="2"/><line nr="175" mi="0" ci="14" mb="0" cb="0"/><line nr="176" mi="0" ci="8" mb="0" cb="0"/><line nr="179" mi="0" ci="3" mb="0" cb="0"/><line nr="180" mi="0" ci="15" mb="0" cb="0"/><line nr="181" mi="0" ci="3" mb="0" cb="0"/><line nr="182" mi="0" ci="5" mb="0" cb="0"/><line nr="187" mi="0" ci="4" mb="0" cb="0"/><line nr="188" mi="0" ci="6" mb="0" cb="0"/><line nr="190" mi="0" ci="13" mb="0" cb="0"/><line nr="191" mi="1" ci="0" mb="0" cb="0"/><line nr="192" mi="3" ci="0" mb="0" cb="0"/><line nr="194" mi="4" ci="0" mb="0" cb="0"/><line nr="195" mi="7" ci="0" mb="0" cb="0"/><line nr="196" mi="5" ci="0" mb="0" cb="0"/><line nr="197" mi="5" ci="0" mb="0" cb="0"/><line nr="198" mi="3" ci="0" mb="0" cb="0"/><line nr="199" mi="0" ci="1" mb="0" cb="0"/><line nr="200" mi="0" ci="1" mb="0" cb="0"/><line nr="203" mi="1" ci="6" mb="1" cb="1"/><line nr="207" mi="0" ci="7" mb="0" cb="2"/><line nr="211" mi="0" ci="3" mb="1" cb="1"/><line nr="212" mi="0" ci="2" mb="0" cb="0"/><line nr="213" mi="0" ci="5" mb="0" cb="0"/><line nr="214" mi="0" ci="12" mb="0" cb="4"/><line nr="215" mi="0" ci="3" mb="0" cb="0"/><line nr="216" mi="0" ci="3" mb="1" cb="1"/><line nr="217" mi="0" ci="4" mb="0" cb="0"/><line nr="218" mi="0" ci="11" mb="0" cb="0"/><line nr="220" mi="0" ci="1" mb="0" cb="0"/><line nr="221" mi="0" ci="2" mb="0" cb="0"/><line nr="223" mi="3" ci="0" mb="0" cb="0"/><line nr="227" mi="0" ci="3" mb="1" cb="1"/><line nr="228" mi="0" ci="7" mb="0" cb="0"/><line nr="229" mi="0" ci="7" mb="0" cb="2"/><line nr="230" mi="0" ci="3" mb="0" cb="0"/><line nr="231" mi="0" ci="3" mb="1" cb="1"/><line nr="232" mi="0" ci="4" mb="0" cb="0"/><line nr="233" mi="0" ci="11" mb="0" cb="0"/><line nr="235" mi="0" ci="1" mb="0" cb="0"/><line nr="236" mi="0" ci="2" mb="0" cb="0"/><line nr="238" mi="5" ci="0" mb="0" cb="0"/><line nr="242" mi="0" ci="3" mb="0" cb="0"/><line nr="243" mi="0" ci="5" mb="0" cb="0"/><line nr="244" mi="0" ci="2" mb="0" cb="0"/><line nr="248" mi="0" ci="3" mb="0" cb="0"/><line nr="249" mi="0" ci="5" mb="0" cb="0"/><line nr="250" mi="0" ci="2" mb="0" cb="0"/><line nr="254" mi="0" ci="2" mb="1" cb="1"/><line nr="255" mi="0" ci="2" mb="0" cb="0"/><line nr="256" mi="0" ci="2" mb="0" cb="0"/><line nr="257" mi="0" ci="4" mb="0" cb="0"/><line nr="258" mi="0" ci="6" mb="1" cb="3"/><line nr="259" mi="0" ci="3" mb="0" cb="0"/><line nr="260" mi="0" ci="9" mb="0" cb="2"/><line nr="261" mi="0" ci="4" mb="0" cb="0"/><line nr="262" mi="0" ci="1" mb="0" cb="0"/><line nr="263" mi="0" ci="5" mb="0" cb="0"/><line nr="264" mi="0" ci="1" mb="0" cb="0"/><line nr="266" mi="0" ci="4" mb="0" cb="0"/><line nr="267" mi="0" ci="7" mb="0" cb="2"/><line nr="268" mi="0" ci="5" mb="0" cb="0"/><line nr="269" mi="0" ci="8" mb="0" cb="0"/><line nr="271" mi="0" ci="2" mb="0" cb="0"/><line nr="273" mi="4" ci="0" mb="0" cb="0"/><line nr="278" mi="0" ci="2" mb="1" cb="1"/><line nr="279" mi="0" ci="2" mb="0" cb="0"/><line nr="280" mi="0" ci="3" mb="0" cb="0"/><line nr="281" mi="0" ci="6" mb="1" cb="3"/><line nr="282" mi="0" ci="3" mb="0" cb="0"/><line nr="283" mi="0" ci="5" mb="0" cb="0"/><line nr="284" mi="0" ci="5" mb="0" cb="0"/><line nr="285" mi="0" ci="1" mb="0" cb="0"/><line nr="286" mi="0" ci="2" mb="0" cb="0"/><line nr="288" mi="3" ci="0" mb="0" cb="0"/><line nr="293" mi="0" ci="2" mb="0" cb="0"/><line nr="294" mi="0" ci="2" mb="0" cb="0"/><line nr="295" mi="0" ci="4" mb="0" cb="0"/><line nr="296" mi="0" ci="3" mb="0" cb="2"/><line nr="297" mi="0" ci="3" mb="0" cb="0"/><line nr="298" mi="0" ci="9" mb="0" cb="2"/><line nr="299" mi="0" ci="1" mb="0" cb="0"/><line nr="300" mi="0" ci="4" mb="0" cb="0"/><line nr="301" mi="0" ci="5" mb="0" cb="0"/><line nr="302" mi="0" ci="1" mb="0" cb="0"/><line nr="304" mi="0" ci="4" mb="0" cb="0"/><line nr="305" mi="0" ci="7" mb="0" cb="2"/><line nr="306" mi="0" ci="5" mb="0" cb="0"/><line nr="307" mi="0" ci="8" mb="0" cb="0"/><line nr="309" mi="0" ci="2" mb="0" cb="0"/><line nr="314" mi="0" ci="4" mb="0" cb="0"/><line nr="315" mi="0" ci="3" mb="0" cb="2"/><line nr="316" mi="0" ci="3" mb="0" cb="0"/><line nr="317" mi="0" ci="4" mb="0" cb="0"/><line nr="318" mi="0" ci="5" mb="0" cb="0"/><line nr="319" mi="0" ci="1" mb="0" cb="0"/><line nr="321" mi="0" ci="3" mb="0" cb="0"/><line nr="322" mi="0" ci="3" mb="0" cb="0"/><line nr="323" mi="0" ci="7" mb="0" cb="2"/><line nr="324" mi="0" ci="7" mb="0" cb="0"/><line nr="326" mi="0" ci="2" mb="0" cb="0"/><line nr="330" mi="0" ci="4" mb="0" cb="0"/><line nr="331" mi="0" ci="3" mb="0" cb="2"/><line nr="332" mi="0" ci="3" mb="0" cb="0"/><line nr="333" mi="0" ci="4" mb="0" cb="0"/><line nr="334" mi="0" ci="5" mb="0" cb="0"/><line nr="335" mi="0" ci="1" mb="0" cb="0"/><line nr="336" mi="0" ci="2" mb="0" cb="0"/><line nr="341" mi="2" ci="0" mb="0" cb="0"/><line nr="342" mi="3" ci="0" mb="0" cb="0"/><line nr="343" mi="13" ci="0" mb="2" cb="0"/><line nr="344" mi="2" ci="0" mb="0" cb="0"/><line nr="349" mi="0" ci="3" mb="1" cb="1"/><line nr="350" mi="2" ci="0" mb="0" cb="0"/><line nr="351" mi="0" ci="4" mb="1" cb="1"/><line nr="352" mi="2" ci="0" mb="0" cb="0"/><line nr="353" mi="0" ci="5" mb="1" cb="1"/><line nr="354" mi="2" ci="0" mb="0" cb="0"/><line nr="355" mi="0" ci="3" mb="0" cb="0"/><line nr="356" mi="0" ci="3" mb="1" cb="1"/><line nr="357" mi="3" ci="0" mb="2" cb="0"/><line nr="358" mi="2" ci="0" mb="0" cb="0"/><line nr="359" mi="0" ci="6" mb="1" cb="1"/><line nr="360" mi="2" ci="0" mb="0" cb="0"/><line nr="362" mi="0" ci="2" mb="0" cb="0"/><line nr="366" mi="0" ci="5" mb="0" cb="0"/><line nr="367" mi="0" ci="3" mb="0" cb="2"/><line nr="368" mi="0" ci="3" mb="0" cb="0"/><line nr="370" mi="0" ci="3" mb="0" cb="0"/><line nr="371" mi="0" ci="1" mb="0" cb="0"/><counter type="INSTRUCTION" missed="248" covered="679"/><counter type="BRANCH" missed="25" covered="47"/><counter type="LINE" missed="59" covered="150"/><counter type="COMPLEXITY" missed="23" covered="31"/><counter type="METHOD" missed="2" covered="16"/><counter type="CLASS" missed="0" covered="1"/></sourcefile><sourcefile name="JLogFail.java"><line nr="38" mi="0" ci="5" mb="0" cb="0"/><line nr="39" mi="0" ci="1" mb="0" cb="0"/><line nr="42" mi="0" ci="3" mb="0" cb="0"/><line nr="46" mi="0" ci="2" mb="0" cb="0"/><line nr="50" mi="0" ci="12" mb="0" cb="0"/><counter type="INSTRUCTION" missed="0" covered="23"/><counter type="LINE" missed="0" covered="5"/><counter type="COMPLEXITY" missed="0" covered="4"/><counter type="METHOD" missed="0" covered="4"/><counter type="CLASS" missed="0" covered="1"/></sourcefile><sourcefile name="JLogJavaConverter.java"><line nr="31" mi="0" ci="3" mb="0" cb="0"/><line nr="32" mi="0" ci="1" mb="0" cb="0"/><counter type="INSTRUCTION" missed="0" covered="4"/><counter type="LINE" missed="0" covered="2"/><counter type="COMPLEXITY" missed="0" covered="1"/><counter type="METHOD" missed="0" covered="1"/><counter type="CLASS" missed="0" covered="1"/></sourcefile><sourcefile name="JLogNil.java"><line nr="40" mi="0" ci="8" mb="0" cb="0"/><line nr="41" mi="0" ci="1" mb="0" cb="0"/><line nr="44" mi="0" ci="3" mb="0" cb="0"/><line nr="48" mi="0" ci="2" mb="0" cb="0"/><line nr="52" mi="0" ci="12" mb="0" cb="0"/><counter type="INSTRUCTION" missed="0" covered="26"/><counter type="LINE" missed="0" covered="5"/><counter type="COMPLEXITY" missed="0" covered="4"/><counter type="METHOD" missed="0" covered="4"/><counter type="CLASS" missed="0" covered="1"/></sourcefile><sourcefile name="JLogStructure.java"><line nr="41" mi="5" ci="0" mb="0" cb="0"/><line nr="42" mi="1" ci="0" mb="0" cb="0"/><line nr="45" mi="0" ci="4" mb="0" cb="0"/><line nr="46" mi="0" ci="9" mb="0" cb="0"/><line nr="47" mi="0" ci="1" mb="0" cb="0"/><line nr="50" mi="0" ci="4" mb="0" cb="0"/><line nr="51" mi="0" ci="7" mb="0" cb="0"/><line nr="52" mi="0" ci="1" mb="0" cb="0"/><line nr="55" mi="0" ci="4" mb="0" cb="0"/><line nr="56" mi="0" ci="11" mb="0" cb="0"/><line nr="57" mi="0" ci="9" mb="0" cb="0"/><line nr="58" mi="0" ci="1" mb="0" cb="0"/><line nr="61" mi="0" ci="4" mb="0" cb="0"/><line nr="62" mi="0" ci="5" mb="0" cb="0"/><line nr="63" mi="0" ci="3" mb="0" cb="0"/><line nr="64" mi="0" ci="3" mb="0" cb="0"/><line nr="65" mi="0" ci="7" mb="0" cb="0"/><line nr="66" mi="0" ci="1" mb="0" cb="0"/><line nr="69" mi="0" ci="5" mb="0" cb="0"/><line nr="70" mi="0" ci="4" mb="0" cb="0"/><line nr="71" mi="0" ci="3" mb="0" cb="0"/><line nr="72" mi="0" ci="7" mb="0" cb="0"/><line nr="76" mi="0" ci="4" mb="0" cb="0"/><line nr="77" mi="0" ci="3" mb="0" cb="0"/><line nr="78" mi="0" ci="3" mb="0" cb="0"/><line nr="79" mi="0" ci="3" mb="0" cb="0"/><line nr="80" mi="0" ci="7" mb="0" cb="2"/><line nr="81" mi="0" ci="9" mb="0" cb="0"/><line nr="83" mi="0" ci="2" mb="0" cb="0"/><line nr="87" mi="0" ci="4" mb="0" cb="0"/><line nr="88" mi="0" ci="3" mb="0" cb="0"/><line nr="92" mi="0" ci="4" mb="0" cb="0"/><line nr="93" mi="0" ci="3" mb="0" cb="0"/><line nr="97" mi="4" ci="0" mb="0" cb="0"/><line nr="101" mi="4" ci="0" mb="0" cb="0"/><line nr="105" mi="3" ci="0" mb="0" cb="0"/><counter type="INSTRUCTION" missed="17" covered="138"/><counter type="BRANCH" missed="0" covered="2"/><counter type="LINE" missed="5" covered="31"/><counter type="COMPLEXITY" missed="4" covered="9"/><counter type="METHOD" missed="4" covered="8"/><counter type="CLASS" missed="0" covered="1"/></sourcefile><sourcefile name="JLogLong.java"><line nr="38" mi="0" ci="9" mb="0" cb="0"/><line nr="39" mi="0" ci="1" mb="0" cb="0"/><counter type="INSTRUCTION" missed="0" covered="10"/><counter type="LINE" missed="0" covered="2"/><counter type="COMPLEXITY" missed="0" covered="1"/><counter type="METHOD" missed="0" covered="1"/><counter type="CLASS" missed="0" covered="1"/></sourcefile><sourcefile name="JLogList.java"><line nr="46" mi="0" ci="5" mb="0" cb="0"/><line nr="47" mi="0" ci="1" mb="0" cb="0"/><line nr="50" mi="0" ci="4" mb="0" cb="0"/><line nr="51" mi="0" ci="5" mb="0" cb="0"/><line nr="52" mi="0" ci="1" mb="0" cb="0"/><line nr="55" mi="0" ci="4" mb="0" cb="0"/><line nr="56" mi="0" ci="3" mb="0" cb="0"/><line nr="57" mi="0" ci="9" mb="0" cb="2"/><line nr="58" mi="0" ci="10" mb="0" cb="0"/><line nr="60" mi="0" ci="1" mb="0" cb="0"/><line nr="63" mi="4" ci="0" mb="0" cb="0"/><line nr="64" mi="7" ci="0" mb="0" cb="0"/><line nr="65" mi="9" ci="0" mb="2" cb="0"/><line nr="66" mi="14" ci="0" mb="0" cb="0"/><line nr="68" mi="1" ci="0" mb="0" cb="0"/><line nr="71" mi="4" ci="0" mb="0" cb="0"/><line nr="72" mi="15" ci="0" mb="0" cb="0"/><line nr="73" mi="1" ci="0" mb="0" cb="0"/><line nr="76" mi="0" ci="2" mb="0" cb="0"/><line nr="77" mi="0" ci="4" mb="0" cb="0"/><line nr="78" mi="0" ci="5" mb="0" cb="0"/><line nr="79" mi="0" ci="3" mb="0" cb="2"/><line nr="80" mi="0" ci="3" mb="0" cb="0"/><line nr="81" mi="0" ci="2" mb="0" cb="0"/><line nr="83" mi="0" ci="2" mb="0" cb="0"/><line nr="87" mi="0" ci="3" mb="0" cb="0"/><line nr="88" mi="0" ci="1" mb="0" cb="0"/><line nr="91" mi="0" ci="7" mb="0" cb="2"/><line nr="95" mi="0" ci="4" mb="0" cb="0"/><line nr="96" mi="0" ci="7" mb="0" cb="0"/><line nr="100" mi="0" ci="4" mb="0" cb="0"/><line nr="101" mi="0" ci="6" mb="0" cb="0"/><line nr="105" mi="0" ci="4" mb="0" cb="0"/><line nr="106" mi="0" ci="6" mb="0" cb="0"/><line nr="110" mi="0" ci="2" mb="0" cb="0"/><line nr="114" mi="0" ci="4" mb="0" cb="0"/><line nr="115" mi="0" ci="3" mb="0" cb="0"/><line nr="119" mi="0" ci="2" mb="0" cb="0"/><line nr="120" mi="0" ci="4" mb="0" cb="0"/><line nr="121" mi="0" ci="3" mb="0" cb="0"/><line nr="122" mi="0" ci="3" mb="0" cb="2"/><line nr="123" mi="0" ci="8" mb="0" cb="0"/><line nr="125" mi="0" ci="2" mb="0" cb="0"/><line nr="132" mi="0" ci="5" mb="0" cb="0"/><line nr="133" mi="0" ci="6" mb="0" cb="0"/><line nr="134" mi="0" ci="1" mb="0" cb="0"/><line nr="137" mi="0" ci="4" mb="0" cb="0"/><line nr="141" mi="0" ci="3" mb="1" cb="1"/><line nr="142" mi="4" ci="0" mb="0" cb="0"/><line nr="144" mi="0" ci="8" mb="0" cb="0"/><counter type="INSTRUCTION" missed="59" covered="164"/><counter type="BRANCH" missed="3" covered="9"/><counter type="LINE" missed="9" covered="41"/><counter type="COMPLEXITY" missed="4" covered="19"/><counter type="METHOD" missed="2" covered="15"/><counter type="CLASS" missed="0" covered="2"/></sourcefile><sourcefile name="JLogLogger.java"><line nr="41" mi="2" ci="5" mb="1" cb="1"/><line nr="44" mi="0" ci="4" mb="0" cb="0"/><line nr="47" mi="0" ci="3" mb="0" cb="0"/><line nr="48" mi="0" ci="1" mb="0" cb="0"/><line nr="50" mi="0" ci="2" mb="0" cb="0"/><line nr="51" mi="0" ci="3" mb="0" cb="0"/><line nr="52" mi="0" ci="3" mb="0" cb="0"/><line nr="53" mi="0" ci="5" mb="0" cb="0"/><line nr="54" mi="0" ci="6" mb="0" cb="0"/><line nr="55" mi="0" ci="4" mb="0" cb="0"/><line nr="56" mi="0" ci="17" mb="0" cb="2"/><line nr="57" mi="0" ci="3" mb="0" cb="0"/><line nr="58" mi="0" ci="3" mb="0" cb="0"/><line nr="60" mi="0" ci="2" mb="0" cb="0"/><line nr="62" mi="0" ci="15" mb="0" cb="0"/><line nr="63" mi="1" ci="0" mb="0" cb="0"/><line nr="64" mi="5" ci="0" mb="0" cb="0"/><line nr="65" mi="1" ci="0" mb="0" cb="0"/><line nr="66" mi="5" ci="0" mb="0" cb="0"/><line nr="67" mi="1" ci="1" mb="0" cb="0"/><line nr="68" mi="4" ci="4" mb="2" cb="2"/><line nr="69" mi="0" ci="3" mb="0" cb="0"/><line nr="70" mi="0" ci="3" mb="0" cb="0"/><line nr="71" mi="0" ci="1" mb="0" cb="0"/><line nr="74" mi="14" ci="0" mb="0" cb="0"/><line nr="75" mi="1" ci="0" mb="0" cb="0"/><counter type="INSTRUCTION" missed="34" covered="88"/><counter type="BRANCH" missed="3" covered="5"/><counter type="LINE" missed="6" covered="20"/><counter type="COMPLEXITY" missed="4" covered="4"/><counter type="METHOD" missed="1" covered="3"/><counter type="CLASS" missed="0" covered="1"/></sourcefile><sourcefile name="jLong.java"><line nr="43" mi="2" ci="0" mb="0" cb="0"/><line nr="44" mi="3" ci="0" mb="0" cb="0"/><line nr="45" mi="3" ci="0" mb="0" cb="0"/><line nr="46" mi="1" ci="0" mb="0" cb="0"/><line nr="50" mi="4" ci="0" mb="0" cb="0"/><line nr="54" mi="3" ci="0" mb="0" cb="0"/><line nr="58" mi="3" ci="0" mb="0" cb="0"/><line nr="60" mi="3" ci="0" mb="2" cb="0"/><line nr="61" mi="2" ci="0" mb="0" cb="0"/><line nr="63" mi="3" ci="0" mb="2" cb="0"/><line nr="64" mi="2" ci="0" mb="0" cb="0"/><line nr="66" mi="3" ci="0" mb="2" cb="0"/><line nr="67" mi="2" ci="0" mb="0" cb="0"/><line nr="69" mi="3" ci="0" mb="2" cb="0"/><line nr="70" mi="2" ci="0" mb="0" cb="0"/><line nr="72" mi="3" ci="0" mb="2" cb="0"/><line nr="73" mi="4" ci="0" mb="0" cb="0"/><line nr="75" mi="6" ci="0" mb="2" cb="0"/><line nr="76" mi="2" ci="0" mb="0" cb="0"/><line nr="77" mi="6" ci="0" mb="2" cb="0"/><line nr="78" mi="2" ci="0" mb="0" cb="0"/><line nr="80" mi="2" ci="0" mb="0" cb="0"/><line nr="83" mi="3" ci="0" mb="2" cb="0"/><line nr="84" mi="2" ci="0" mb="0" cb="0"/><line nr="86" mi="10" ci="0" mb="2" cb="0"/><line nr="90" mi="3" ci="0" mb="0" cb="0"/><line nr="93" mi="3" ci="0" mb="2" cb="0"/><line nr="94" mi="2" ci="0" mb="0" cb="0"/><line nr="96" mi="5" ci="0" mb="2" cb="0"/><line nr="97" mi="2" ci="0" mb="0" cb="0"/><line nr="102" mi="11" ci="0" mb="2" cb="0"/><line nr="107" mi="4" ci="0" mb="2" cb="0"/><line nr="108" mi="5" ci="0" mb="0" cb="0"/><line nr="111" mi="3" ci="0" mb="2" cb="0"/><line nr="112" mi="2" ci="0" mb="0" cb="0"/><line nr="114" mi="5" ci="0" mb="2" cb="0"/><line nr="115" mi="2" ci="0" mb="0" cb="0"/><line nr="120" mi="11" ci="0" mb="2" cb="0"/><line nr="125" mi="1" ci="0" mb="0" cb="0"/><line nr="129" mi="1" ci="0" mb="0" cb="0"/><line nr="132" mi="2" ci="0" mb="0" cb="0"/><line nr="137" mi="2" ci="0" mb="0" cb="0"/><line nr="142" mi="4" ci="0" mb="0" cb="0"/><counter type="INSTRUCTION" missed="147" covered="0"/><counter type="BRANCH" missed="32" covered="0"/><counter type="LINE" missed="43" covered="0"/><counter type="COMPLEXITY" missed="27" covered="0"/><counter type="METHOD" missed="11" covered="0"/><counter type="CLASS" missed="1" covered="0"/></sourcefile><counter type="INSTRUCTION" missed="2066" covered="4432"/><counter type="BRANCH" missed="301" covered="409"/><counter type="LINE" missed="445" covered="1017"/><counter type="COMPLEXITY" missed="267" covered="419"/><counter type="METHOD" missed="61" covered="252"/><counter type="CLASS" missed="1" covered="35"/></package><counter type="INSTRUCTION" missed="2066" covered="4432"/><counter type="BRANCH" missed="301" covered="409"/><counter type="LINE" missed="445" covered="1017"/><counter type="COMPLEXITY" missed="267" covered="419"/><counter type="METHOD" missed="61" covered="252"/><counter type="CLASS" missed="1" covered="35"/></report>